2026-04-13 13:58:34.803 +05:30 [INF] Executed DbCommand (42ms) [Parameters=[], CommandType='"Text"', CommandTimeout='30']
SELECT 1
2026-04-13 13:58:35.045 +05:30 [INF] Executed DbCommand (165ms) [Parameters=[], CommandType='"Text"', CommandTimeout='30']
SELECT OBJECT_ID(N'[__EFMigrationsHistory]');
2026-04-13 13:58:35.061 +05:30 [INF] Executed DbCommand (1ms) [Parameters=[], CommandType='"Text"', CommandTimeout='30']
SELECT 1
2026-04-13 13:58:35.077 +05:30 [INF] Executed DbCommand (1ms) [Parameters=[], CommandType='"Text"', CommandTimeout='30']
SELECT OBJECT_ID(N'[__EFMigrationsHistory]');
2026-04-13 13:58:35.132 +05:30 [INF] Executed DbCommand (13ms) [Parameters=[], CommandType='"Text"', CommandTimeout='30']
SELECT [MigrationId], [ProductVersion]
FROM [__EFMigrationsHistory]
ORDER BY [MigrationId];
2026-04-13 13:58:35.168 +05:30 [INF] Database migrations applied.
2026-04-13 13:58:35.209 +05:30 [INF] User profile is available. Using 'C:\Users\Vivek\AppData\Local\ASP.NET\DataProtection-Keys' as key repository and Windows DPAPI to encrypt keys at rest.
2026-04-13 13:58:35.607 +05:30 [INF] Executed DbCommand (39ms) [Parameters=[@__normalizedName_0='?' (Size = 256)], CommandType='"Text"', CommandTimeout='30']
SELECT TOP(1) [a].[Id], [a].[ConcurrencyStamp], [a].[Name], [a].[NormalizedName]
FROM [AspNetRoles] AS [a]
WHERE [a].[NormalizedName] = @__normalizedName_0
2026-04-13 13:58:35.699 +05:30 [INF] Executed DbCommand (1ms) [Parameters=[@__normalizedName_0='?' (Size = 256)], CommandType='"Text"', CommandTimeout='30']
SELECT TOP(1) [a].[Id], [a].[ConcurrencyStamp], [a].[Name], [a].[NormalizedName]
FROM [AspNetRoles] AS [a]
WHERE [a].[NormalizedName] = @__normalizedName_0
2026-04-13 13:58:35.718 +05:30 [INF] Executed DbCommand (1ms) [Parameters=[@__normalizedName_0='?' (Size = 256)], CommandType='"Text"', CommandTimeout='30']
SELECT TOP(1) [a].[Id], [a].[ConcurrencyStamp], [a].[Name], [a].[NormalizedName]
FROM [AspNetRoles] AS [a]
WHERE [a].[NormalizedName] = @__normalizedName_0
2026-04-13 13:58:35.760 +05:30 [INF] Executed DbCommand (6ms) [Parameters=[@__normalizedEmail_0='?' (Size = 256)], CommandType='"Text"', CommandTimeout='30']
SELECT TOP(2) [a].[Id], [a].[AccessFailedCount], [a].[ConcurrencyStamp], [a].[CreatedAt], [a].[CreatedBy], [a].[Email], [a].[EmailConfirmed], [a].[FullName], [a].[IsActive], [a].[LastModifiedAt], [a].[LastModifiedBy], [a].[LockoutEnabled], [a].[LockoutEnd], [a].[NormalizedEmail], [a].[NormalizedUserName], [a].[PasswordHash], [a].[PhoneNumber], [a].[PhoneNumberConfirmed], [a].[Role], [a].[SecurityStamp], [a].[TwoFactorEnabled], [a].[UserName]
FROM [AspNetUsers] AS [a]
WHERE [a].[NormalizedEmail] = @__normalizedEmail_0
2026-04-13 13:58:35.885 +05:30 [INF] Executed DbCommand (6ms) [Parameters=[@__name_0='?' (Size = 100)], CommandType='"Text"', CommandTimeout='30']
SELECT CASE
    WHEN EXISTS (
        SELECT 1
        FROM [Categories] AS [c]
        WHERE [c].[Name] = @__name_0) THEN CAST(1 AS bit)
    ELSE CAST(0 AS bit)
END
2026-04-13 13:58:35.945 +05:30 [INF] Executed DbCommand (1ms) [Parameters=[@__name_0='?' (Size = 100)], CommandType='"Text"', CommandTimeout='30']
SELECT CASE
    WHEN EXISTS (
        SELECT 1
        FROM [Categories] AS [c]
        WHERE [c].[Name] = @__name_0) THEN CAST(1 AS bit)
    ELSE CAST(0 AS bit)
END
2026-04-13 13:58:35.961 +05:30 [INF] Executed DbCommand (1ms) [Parameters=[@__name_0='?' (Size = 100)], CommandType='"Text"', CommandTimeout='30']
SELECT CASE
    WHEN EXISTS (
        SELECT 1
        FROM [Categories] AS [c]
        WHERE [c].[Name] = @__name_0) THEN CAST(1 AS bit)
    ELSE CAST(0 AS bit)
END
2026-04-13 13:58:35.975 +05:30 [INF] Executed DbCommand (1ms) [Parameters=[@__name_0='?' (Size = 100)], CommandType='"Text"', CommandTimeout='30']
SELECT CASE
    WHEN EXISTS (
        SELECT 1
        FROM [Categories] AS [c]
        WHERE [c].[Name] = @__name_0) THEN CAST(1 AS bit)
    ELSE CAST(0 AS bit)
END
2026-04-13 13:58:35.989 +05:30 [INF] Executed DbCommand (1ms) [Parameters=[@__name_0='?' (Size = 100)], CommandType='"Text"', CommandTimeout='30']
SELECT CASE
    WHEN EXISTS (
        SELECT 1
        FROM [Categories] AS [c]
        WHERE [c].[Name] = @__name_0) THEN CAST(1 AS bit)
    ELSE CAST(0 AS bit)
END
2026-04-13 13:58:36.224 +05:30 [INF] Database seeding completed.
2026-04-13 13:58:36.230 +05:30 [INF] Database seeding complete.
2026-04-13 13:58:36.794 +05:30 [INF] Now listening on: https://localhost:7119
2026-04-13 13:58:36.803 +05:30 [INF] Now listening on: http://localhost:5219
2026-04-13 13:58:36.889 +05:30 [INF] Application started. Press Ctrl+C to shut down.
2026-04-13 13:58:36.896 +05:30 [INF] Hosting environment: Development
2026-04-13 13:58:36.902 +05:30 [INF] Content root path: C:\Users\Vivek\Desktop\Project\HelpDesk Ticket Managemet System\HelpDesk.API
2026-04-13 13:59:29.227 +05:30 [INF] Request starting HTTP/2 OPTIONS https://localhost:7119/api/auth/login - null null
2026-04-13 13:59:29.285 +05:30 [INF] CORS policy execution successful.
2026-04-13 13:59:29.304 +05:30 [INF] HTTP OPTIONS /api/auth/login responded 204 in 19.7389 ms
2026-04-13 13:59:29.333 +05:30 [INF] Request finished HTTP/2 OPTIONS https://localhost:7119/api/auth/login - 204 null null 114.029ms
2026-04-13 13:59:29.350 +05:30 [INF] Request starting HTTP/2 POST https://localhost:7119/api/auth/login - application/json 61
2026-04-13 13:59:29.459 +05:30 [INF] CORS policy execution successful.
2026-04-13 13:59:29.667 +05:30 [INF] Executing endpoint 'HelpDesk.API.Controllers.AuthController.Login (HelpDesk.API)'
2026-04-13 13:59:29.710 +05:30 [INF] Route matched with {action = "Login", controller = "Auth"}. Executing controller action with signature System.Threading.Tasks.Task`1[Microsoft.AspNetCore.Mvc.IActionResult] Login(LoginRequest) on controller HelpDesk.API.Controllers.AuthController (HelpDesk.API).
2026-04-13 13:59:29.781 +05:30 [INF] Login attempt for email: vivek.chauhan@helpdesk.com
2026-04-13 13:59:29.847 +05:30 [INF] Executed DbCommand (15ms) [Parameters=[@__normalizedEmail_0='?' (Size = 256)], CommandType='"Text"', CommandTimeout='30']
SELECT TOP(2) [a].[Id], [a].[AccessFailedCount], [a].[ConcurrencyStamp], [a].[CreatedAt], [a].[CreatedBy], [a].[Email], [a].[EmailConfirmed], [a].[FullName], [a].[IsActive], [a].[LastModifiedAt], [a].[LastModifiedBy], [a].[LockoutEnabled], [a].[LockoutEnd], [a].[NormalizedEmail], [a].[NormalizedUserName], [a].[PasswordHash], [a].[PhoneNumber], [a].[PhoneNumberConfirmed], [a].[Role], [a].[SecurityStamp], [a].[TwoFactorEnabled], [a].[UserName]
FROM [AspNetUsers] AS [a]
WHERE [a].[NormalizedEmail] = @__normalizedEmail_0
2026-04-13 13:59:30.133 +05:30 [INF] Executing OkObjectResult, writing value of type 'HelpDesk.Application.Common.BaseResponse`1[[System.String, System.Private.CoreLib, Version=8.0.0.0, Culture=neutral, PublicKeyToken=7cec85d7bea7798e]]'.
2026-04-13 13:59:30.168 +05:30 [INF] Executed action HelpDesk.API.Controllers.AuthController.Login (HelpDesk.API) in 430.3846ms
2026-04-13 13:59:30.186 +05:30 [INF] Executed endpoint 'HelpDesk.API.Controllers.AuthController.Login (HelpDesk.API)'
2026-04-13 13:59:30.201 +05:30 [INF] HTTP POST /api/auth/login responded 200 in 743.5024 ms
2026-04-13 13:59:30.337 +05:30 [INF] Request finished HTTP/2 POST https://localhost:7119/api/auth/login - 200 null application/json; charset=utf-8 988.479ms
2026-04-13 13:59:30.614 +05:30 [INF] Request starting HTTP/2 OPTIONS https://localhost:7119/api/dashboard - null null
2026-04-13 13:59:30.633 +05:30 [INF] CORS policy execution successful.
2026-04-13 13:59:30.644 +05:30 [INF] HTTP OPTIONS /api/dashboard responded 204 in 11.9556 ms
2026-04-13 13:59:30.655 +05:30 [INF] Request finished HTTP/2 OPTIONS https://localhost:7119/api/dashboard - 204 null null 41.1057ms
2026-04-13 13:59:30.658 +05:30 [INF] Request starting HTTP/2 GET https://localhost:7119/api/dashboard - null null
2026-04-13 13:59:30.689 +05:30 [INF] CORS policy execution successful.
2026-04-13 13:59:30.752 +05:30 [INF] Executing endpoint 'HelpDesk.API.Controllers.DashboardController.GetDashboard (HelpDesk.API)'
2026-04-13 13:59:30.772 +05:30 [INF] Route matched with {action = "GetDashboard", controller = "Dashboard"}. Executing controller action with signature System.Threading.Tasks.Task`1[Microsoft.AspNetCore.Mvc.IActionResult] GetDashboard() on controller HelpDesk.API.Controllers.DashboardController (HelpDesk.API).
2026-04-13 13:59:30.873 +05:30 [INF] Admin requesting dashboard data.
2026-04-13 13:59:30.915 +05:30 [INF] Executed DbCommand (10ms) [Parameters=[], CommandType='"Text"', CommandTimeout='30']
SELECT [t].[Id], [t].[AssignedAgentId], [t].[CategoryId], [t].[CreatedAt], [t].[CreatedBy], [t].[Description], [t].[LastModifiedAt], [t].[LastModifiedBy], [t].[Priority], [t].[RaisedByUserId], [t].[Status], [t].[Title]
FROM [Tickets] AS [t]
2026-04-13 13:59:31.081 +05:30 [INF] Executed DbCommand (6ms) [Parameters=[@__status_0='?' (Size = 4000)], CommandType='"Text"', CommandTimeout='30']
SELECT COUNT(*)
FROM [Tickets] AS [t]
WHERE [t].[Status] = @__status_0
2026-04-13 13:59:31.113 +05:30 [INF] Executed DbCommand (4ms) [Parameters=[@__status_0='?' (Size = 4000)], CommandType='"Text"', CommandTimeout='30']
SELECT COUNT(*)
FROM [Tickets] AS [t]
WHERE [t].[Status] = @__status_0
2026-04-13 13:59:31.135 +05:30 [INF] Executed DbCommand (5ms) [Parameters=[@__status_0='?' (Size = 4000)], CommandType='"Text"', CommandTimeout='30']
SELECT COUNT(*)
FROM [Tickets] AS [t]
WHERE [t].[Status] = @__status_0
2026-04-13 13:59:31.156 +05:30 [INF] Executed DbCommand (3ms) [Parameters=[@__status_0='?' (Size = 4000)], CommandType='"Text"', CommandTimeout='30']
SELECT COUNT(*)
FROM [Tickets] AS [t]
WHERE [t].[Status] = @__status_0
2026-04-13 13:59:31.182 +05:30 [INF] Executed DbCommand (4ms) [Parameters=[@__status_0='?' (Size = 4000)], CommandType='"Text"', CommandTimeout='30']
SELECT COUNT(*)
FROM [Tickets] AS [t]
WHERE [t].[Status] = @__status_0
2026-04-13 13:59:31.204 +05:30 [INF] Executed DbCommand (3ms) [Parameters=[@__status_0='?' (Size = 4000)], CommandType='"Text"', CommandTimeout='30']
SELECT COUNT(*)
FROM [Tickets] AS [t]
WHERE [t].[Status] = @__status_0
2026-04-13 13:59:31.242 +05:30 [INF] Executed DbCommand (4ms) [Parameters=[@__priority_0='?' (Size = 4000)], CommandType='"Text"', CommandTimeout='30']
SELECT COUNT(*)
FROM [Tickets] AS [t]
WHERE [t].[Priority] = @__priority_0
2026-04-13 13:59:31.270 +05:30 [INF] Executed DbCommand (1ms) [Parameters=[@__priority_0='?' (Size = 4000)], CommandType='"Text"', CommandTimeout='30']
SELECT COUNT(*)
FROM [Tickets] AS [t]
WHERE [t].[Priority] = @__priority_0
2026-04-13 13:59:31.317 +05:30 [INF] Executed DbCommand (6ms) [Parameters=[@__priority_0='?' (Size = 4000)], CommandType='"Text"', CommandTimeout='30']
SELECT COUNT(*)
FROM [Tickets] AS [t]
WHERE [t].[Priority] = @__priority_0
2026-04-13 13:59:31.366 +05:30 [INF] Executed DbCommand (6ms) [Parameters=[@__priority_0='?' (Size = 4000)], CommandType='"Text"', CommandTimeout='30']
SELECT COUNT(*)
FROM [Tickets] AS [t]
WHERE [t].[Priority] = @__priority_0
2026-04-13 13:59:31.615 +05:30 [INF] Executed DbCommand (12ms) [Parameters=[@__p_2='?' (DbType = Int32), @__now_Year_0='?' (DbType = Int32), @__now_Month_1='?' (DbType = Int32)], CommandType='"Text"', CommandTimeout='30']
SELECT TOP(@__p_2) [t].[AssignedAgentId] AS [AgentId], COUNT(*) AS [Count]
FROM [Tickets] AS [t]
WHERE [t].[Status] = N'Resolved' AND [t].[AssignedAgentId] IS NOT NULL AND [t].[LastModifiedAt] IS NOT NULL AND DATEPART(year, [t].[LastModifiedAt]) = @__now_Year_0 AND DATEPART(month, [t].[LastModifiedAt]) = @__now_Month_1
GROUP BY [t].[AssignedAgentId]
ORDER BY COUNT(*) DESC
2026-04-13 13:59:31.694 +05:30 [INF] Executed DbCommand (7ms) [Parameters=[@__agentIds_0='?' (Size = 4000)], CommandType='"Text"', CommandTimeout='30']
SELECT [a].[Id], [a].[FullName]
FROM [AspNetUsers] AS [a]
WHERE [a].[Id] IN (
    SELECT [a0].[value]
    FROM OPENJSON(@__agentIds_0) WITH ([value] uniqueidentifier '$') AS [a0]
)
2026-04-13 13:59:31.732 +05:30 [INF] Executed DbCommand (5ms) [Parameters=[@__now_Year_0='?' (DbType = Int32), @__now_Month_1='?' (DbType = Int32)], CommandType='"Text"', CommandTimeout='30']
SELECT COUNT(*)
FROM [Tickets] AS [t]
WHERE DATEPART(year, [t].[CreatedAt]) = @__now_Year_0 AND DATEPART(month, [t].[CreatedAt]) = @__now_Month_1
2026-04-13 13:59:31.770 +05:30 [INF] Executed DbCommand (3ms) [Parameters=[@__last_Year_0='?' (DbType = Int32), @__last_Month_1='?' (DbType = Int32)], CommandType='"Text"', CommandTimeout='30']
SELECT COUNT(*)
FROM [Tickets] AS [t]
WHERE DATEPART(year, [t].[CreatedAt]) = @__last_Year_0 AND DATEPART(month, [t].[CreatedAt]) = @__last_Month_1
2026-04-13 13:59:31.804 +05:30 [INF] Executing OkObjectResult, writing value of type 'HelpDesk.Application.Common.BaseResponse`1[[HelpDesk.Application.DTOs.DashboardDto, HelpDesk.Application, Version=1.0.0.0, Culture=neutral, PublicKeyToken=null]]'.
2026-04-13 13:59:31.852 +05:30 [INF] Executed action HelpDesk.API.Controllers.DashboardController.GetDashboard (HelpDesk.API) in 1062.4494ms
2026-04-13 13:59:31.888 +05:30 [INF] Executed endpoint 'HelpDesk.API.Controllers.DashboardController.GetDashboard (HelpDesk.API)'
2026-04-13 13:59:31.913 +05:30 [INF] HTTP GET /api/dashboard responded 200 in 1224.3721 ms
2026-04-13 13:59:31.933 +05:30 [INF] Request finished HTTP/2 GET https://localhost:7119/api/dashboard - 200 null application/json; charset=utf-8 1276.0483ms
2026-04-13 14:00:39.819 +05:30 [INF] Request starting HTTP/2 OPTIONS https://localhost:7119/api/dashboard - null null
2026-04-13 14:00:39.844 +05:30 [INF] CORS policy execution successful.
2026-04-13 14:00:39.855 +05:30 [INF] HTTP OPTIONS /api/dashboard responded 204 in 10.9014 ms
2026-04-13 14:00:39.864 +05:30 [INF] Request finished HTTP/2 OPTIONS https://localhost:7119/api/dashboard - 204 null null 46.6437ms
2026-04-13 14:00:39.868 +05:30 [INF] Request starting HTTP/2 GET https://localhost:7119/api/dashboard - null null
2026-04-13 14:00:39.901 +05:30 [INF] CORS policy execution successful.
2026-04-13 14:00:39.919 +05:30 [INF] Executing endpoint 'HelpDesk.API.Controllers.DashboardController.GetDashboard (HelpDesk.API)'
2026-04-13 14:00:39.931 +05:30 [INF] Route matched with {action = "GetDashboard", controller = "Dashboard"}. Executing controller action with signature System.Threading.Tasks.Task`1[Microsoft.AspNetCore.Mvc.IActionResult] GetDashboard() on controller HelpDesk.API.Controllers.DashboardController (HelpDesk.API).
2026-04-13 14:00:39.951 +05:30 [INF] Admin requesting dashboard data.
2026-04-13 14:00:39.974 +05:30 [INF] Executed DbCommand (11ms) [Parameters=[], CommandType='"Text"', CommandTimeout='30']
SELECT [t].[Id], [t].[AssignedAgentId], [t].[CategoryId], [t].[CreatedAt], [t].[CreatedBy], [t].[Description], [t].[LastModifiedAt], [t].[LastModifiedBy], [t].[Priority], [t].[RaisedByUserId], [t].[Status], [t].[Title]
FROM [Tickets] AS [t]
2026-04-13 14:00:39.994 +05:30 [INF] Executed DbCommand (2ms) [Parameters=[@__status_0='?' (Size = 4000)], CommandType='"Text"', CommandTimeout='30']
SELECT COUNT(*)
FROM [Tickets] AS [t]
WHERE [t].[Status] = @__status_0
2026-04-13 14:00:40.012 +05:30 [INF] Executed DbCommand (1ms) [Parameters=[@__status_0='?' (Size = 4000)], CommandType='"Text"', CommandTimeout='30']
SELECT COUNT(*)
FROM [Tickets] AS [t]
WHERE [t].[Status] = @__status_0
2026-04-13 14:00:40.034 +05:30 [INF] Executed DbCommand (2ms) [Parameters=[@__status_0='?' (Size = 4000)], CommandType='"Text"', CommandTimeout='30']
SELECT COUNT(*)
FROM [Tickets] AS [t]
WHERE [t].[Status] = @__status_0
2026-04-13 14:00:40.051 +05:30 [INF] Executed DbCommand (1ms) [Parameters=[@__status_0='?' (Size = 4000)], CommandType='"Text"', CommandTimeout='30']
SELECT COUNT(*)
FROM [Tickets] AS [t]
WHERE [t].[Status] = @__status_0
2026-04-13 14:00:40.068 +05:30 [INF] Executed DbCommand (1ms) [Parameters=[@__status_0='?' (Size = 4000)], CommandType='"Text"', CommandTimeout='30']
SELECT COUNT(*)
FROM [Tickets] AS [t]
WHERE [t].[Status] = @__status_0
2026-04-13 14:00:40.088 +05:30 [INF] Executed DbCommand (1ms) [Parameters=[@__status_0='?' (Size = 4000)], CommandType='"Text"', CommandTimeout='30']
SELECT COUNT(*)
FROM [Tickets] AS [t]
WHERE [t].[Status] = @__status_0
2026-04-13 14:00:40.107 +05:30 [INF] Executed DbCommand (2ms) [Parameters=[@__priority_0='?' (Size = 4000)], CommandType='"Text"', CommandTimeout='30']
SELECT COUNT(*)
FROM [Tickets] AS [t]
WHERE [t].[Priority] = @__priority_0
2026-04-13 14:00:40.130 +05:30 [INF] Executed DbCommand (1ms) [Parameters=[@__priority_0='?' (Size = 4000)], CommandType='"Text"', CommandTimeout='30']
SELECT COUNT(*)
FROM [Tickets] AS [t]
WHERE [t].[Priority] = @__priority_0
2026-04-13 14:00:40.165 +05:30 [INF] Executed DbCommand (2ms) [Parameters=[@__priority_0='?' (Size = 4000)], CommandType='"Text"', CommandTimeout='30']
SELECT COUNT(*)
FROM [Tickets] AS [t]
WHERE [t].[Priority] = @__priority_0
2026-04-13 14:00:40.184 +05:30 [INF] Executed DbCommand (1ms) [Parameters=[@__priority_0='?' (Size = 4000)], CommandType='"Text"', CommandTimeout='30']
SELECT COUNT(*)
FROM [Tickets] AS [t]
WHERE [t].[Priority] = @__priority_0
2026-04-13 14:00:40.212 +05:30 [INF] Executed DbCommand (10ms) [Parameters=[@__p_2='?' (DbType = Int32), @__now_Year_0='?' (DbType = Int32), @__now_Month_1='?' (DbType = Int32)], CommandType='"Text"', CommandTimeout='30']
SELECT TOP(@__p_2) [t].[AssignedAgentId] AS [AgentId], COUNT(*) AS [Count]
FROM [Tickets] AS [t]
WHERE [t].[Status] = N'Resolved' AND [t].[AssignedAgentId] IS NOT NULL AND [t].[LastModifiedAt] IS NOT NULL AND DATEPART(year, [t].[LastModifiedAt]) = @__now_Year_0 AND DATEPART(month, [t].[LastModifiedAt]) = @__now_Month_1
GROUP BY [t].[AssignedAgentId]
ORDER BY COUNT(*) DESC
2026-04-13 14:00:40.243 +05:30 [INF] Executed DbCommand (9ms) [Parameters=[@__agentIds_0='?' (Size = 4000)], CommandType='"Text"', CommandTimeout='30']
SELECT [a].[Id], [a].[FullName]
FROM [AspNetUsers] AS [a]
WHERE [a].[Id] IN (
    SELECT [a0].[value]
    FROM OPENJSON(@__agentIds_0) WITH ([value] uniqueidentifier '$') AS [a0]
)
2026-04-13 14:00:40.266 +05:30 [INF] Executed DbCommand (4ms) [Parameters=[@__now_Year_0='?' (DbType = Int32), @__now_Month_1='?' (DbType = Int32)], CommandType='"Text"', CommandTimeout='30']
SELECT COUNT(*)
FROM [Tickets] AS [t]
WHERE DATEPART(year, [t].[CreatedAt]) = @__now_Year_0 AND DATEPART(month, [t].[CreatedAt]) = @__now_Month_1
2026-04-13 14:00:40.291 +05:30 [INF] Executed DbCommand (4ms) [Parameters=[@__last_Year_0='?' (DbType = Int32), @__last_Month_1='?' (DbType = Int32)], CommandType='"Text"', CommandTimeout='30']
SELECT COUNT(*)
FROM [Tickets] AS [t]
WHERE DATEPART(year, [t].[CreatedAt]) = @__last_Year_0 AND DATEPART(month, [t].[CreatedAt]) = @__last_Month_1
2026-04-13 14:00:40.310 +05:30 [INF] Executing OkObjectResult, writing value of type 'HelpDesk.Application.Common.BaseResponse`1[[HelpDesk.Application.DTOs.DashboardDto, HelpDesk.Application, Version=1.0.0.0, Culture=neutral, PublicKeyToken=null]]'.
2026-04-13 14:00:40.329 +05:30 [INF] Executed action HelpDesk.API.Controllers.DashboardController.GetDashboard (HelpDesk.API) in 381.6681ms
2026-04-13 14:00:40.352 +05:30 [INF] Executed endpoint 'HelpDesk.API.Controllers.DashboardController.GetDashboard (HelpDesk.API)'
2026-04-13 14:00:40.367 +05:30 [INF] HTTP GET /api/dashboard responded 200 in 466.5001 ms
2026-04-13 14:00:40.377 +05:30 [INF] Request finished HTTP/2 GET https://localhost:7119/api/dashboard - 200 null application/json; charset=utf-8 508.9713ms
2026-04-13 14:00:44.711 +05:30 [INF] Request starting HTTP/2 OPTIONS https://localhost:7119/api/tickets/GetAllTicket?page=1&pageSize=10 - null null
2026-04-13 14:00:44.733 +05:30 [INF] CORS policy execution successful.
2026-04-13 14:00:44.751 +05:30 [INF] HTTP OPTIONS /api/tickets/GetAllTicket responded 204 in 18.6111 ms
2026-04-13 14:00:44.760 +05:30 [INF] Request finished HTTP/2 OPTIONS https://localhost:7119/api/tickets/GetAllTicket?page=1&pageSize=10 - 204 null null 48.5217ms
2026-04-13 14:00:44.763 +05:30 [INF] Request starting HTTP/2 POST https://localhost:7119/api/tickets/GetAllTicket?page=1&pageSize=10 - application/json 2
2026-04-13 14:00:44.800 +05:30 [INF] CORS policy execution successful.
2026-04-13 14:00:44.818 +05:30 [INF] Executing endpoint 'HelpDesk.API.Controllers.TicketsController.GetAll (HelpDesk.API)'
2026-04-13 14:00:44.839 +05:30 [INF] Route matched with {action = "GetAll", controller = "Tickets"}. Executing controller action with signature System.Threading.Tasks.Task`1[Microsoft.AspNetCore.Mvc.IActionResult] GetAll(HelpDesk.Application.DTOs.PaginationDto) on controller HelpDesk.API.Controllers.TicketsController (HelpDesk.API).
2026-04-13 14:00:45.082 +05:30 [INF] Executed DbCommand (8ms) [Parameters=[], CommandType='"Text"', CommandTimeout='30']
SELECT COUNT(*)
FROM [Tickets] AS [t]
2026-04-13 14:00:45.273 +05:30 [INF] Executed DbCommand (85ms) [Parameters=[@__p_0='?' (DbType = Int32), @__p_1='?' (DbType = Int32)], CommandType='"Text"', CommandTimeout='30']
SELECT [t0].[Id], [t0].[AssignedAgentId], [t0].[CategoryId], [t0].[CreatedAt], [t0].[CreatedBy], [t0].[Description], [t0].[LastModifiedAt], [t0].[LastModifiedBy], [t0].[Priority], [t0].[RaisedByUserId], [t0].[Status], [t0].[Title], [c].[Id], [c].[CreatedAt], [c].[CreatedBy], [c].[IsActive], [c].[LastModifiedAt], [c].[LastModifiedBy], [c].[Name], [a].[Id], [a].[AccessFailedCount], [a].[ConcurrencyStamp], [a].[CreatedAt], [a].[CreatedBy], [a].[Email], [a].[EmailConfirmed], [a].[FullName], [a].[IsActive], [a].[LastModifiedAt], [a].[LastModifiedBy], [a].[LockoutEnabled], [a].[LockoutEnd], [a].[NormalizedEmail], [a].[NormalizedUserName], [a].[PasswordHash], [a].[PhoneNumber], [a].[PhoneNumberConfirmed], [a].[Role], [a].[SecurityStamp], [a].[TwoFactorEnabled], [a].[UserName], [a0].[Id], [a0].[AccessFailedCount], [a0].[ConcurrencyStamp], [a0].[CreatedAt], [a0].[CreatedBy], [a0].[Email], [a0].[EmailConfirmed], [a0].[FullName], [a0].[IsActive], [a0].[LastModifiedAt], [a0].[LastModifiedBy], [a0].[LockoutEnabled], [a0].[LockoutEnd], [a0].[NormalizedEmail], [a0].[NormalizedUserName], [a0].[PasswordHash], [a0].[PhoneNumber], [a0].[PhoneNumberConfirmed], [a0].[Role], [a0].[SecurityStamp], [a0].[TwoFactorEnabled], [a0].[UserName]
FROM (
    SELECT [t].[Id], [t].[AssignedAgentId], [t].[CategoryId], [t].[CreatedAt], [t].[CreatedBy], [t].[Description], [t].[LastModifiedAt], [t].[LastModifiedBy], [t].[Priority], [t].[RaisedByUserId], [t].[Status], [t].[Title]
    FROM [Tickets] AS [t]
    ORDER BY [t].[CreatedAt] DESC
    OFFSET @__p_0 ROWS FETCH NEXT @__p_1 ROWS ONLY
) AS [t0]
INNER JOIN [Categories] AS [c] ON [t0].[CategoryId] = [c].[Id]
INNER JOIN [AspNetUsers] AS [a] ON [t0].[RaisedByUserId] = [a].[Id]
LEFT JOIN [AspNetUsers] AS [a0] ON [t0].[AssignedAgentId] = [a0].[Id]
ORDER BY [t0].[CreatedAt] DESC
2026-04-13 14:00:45.470 +05:30 [INF] Executing OkObjectResult, writing value of type 'HelpDesk.Application.Common.BaseResponse`1[[HelpDesk.Application.Common.PagedResult`1[[HelpDesk.Application.DTOs.TicketDto, HelpDesk.Application, Version=1.0.0.0, Culture=neutral, PublicKeyToken=null]], HelpDesk.Application, Version=1.0.0.0, Culture=neutral, PublicKeyToken=null]]'.
2026-04-13 14:00:45.539 +05:30 [INF] Executed action HelpDesk.API.Controllers.TicketsController.GetAll (HelpDesk.API) in 681.2932ms
2026-04-13 14:00:45.570 +05:30 [INF] Executed endpoint 'HelpDesk.API.Controllers.TicketsController.GetAll (HelpDesk.API)'
2026-04-13 14:00:45.610 +05:30 [INF] HTTP POST /api/tickets/GetAllTicket responded 200 in 810.2201 ms
2026-04-13 14:00:45.663 +05:30 [INF] Request finished HTTP/2 POST https://localhost:7119/api/tickets/GetAllTicket?page=1&pageSize=10 - 200 null application/json; charset=utf-8 901.3347ms
2026-04-13 14:00:46.584 +05:30 [INF] Request starting HTTP/2 OPTIONS https://localhost:7119/api/users/getAll - null null
2026-04-13 14:00:46.641 +05:30 [INF] CORS policy execution successful.
2026-04-13 14:00:46.652 +05:30 [INF] HTTP OPTIONS /api/users/getAll responded 204 in 10.8472 ms
2026-04-13 14:00:46.661 +05:30 [INF] Request finished HTTP/2 OPTIONS https://localhost:7119/api/users/getAll - 204 null null 76.4567ms
2026-04-13 14:00:46.663 +05:30 [INF] Request starting HTTP/2 GET https://localhost:7119/api/users/getAll - null null
2026-04-13 14:00:46.687 +05:30 [INF] CORS policy execution successful.
2026-04-13 14:00:46.709 +05:30 [INF] Executing endpoint 'HelpDesk.API.Controllers.UsersController.GetAll (HelpDesk.API)'
2026-04-13 14:00:46.722 +05:30 [INF] Route matched with {action = "GetAll", controller = "Users"}. Executing controller action with signature System.Threading.Tasks.Task`1[Microsoft.AspNetCore.Mvc.IActionResult] GetAll() on controller HelpDesk.API.Controllers.UsersController (HelpDesk.API).
2026-04-13 14:00:46.748 +05:30 [INF] Executed DbCommand (5ms) [Parameters=[], CommandType='"Text"', CommandTimeout='30']
SELECT [a].[Id], [a].[AccessFailedCount], [a].[ConcurrencyStamp], [a].[CreatedAt], [a].[CreatedBy], [a].[Email], [a].[EmailConfirmed], [a].[FullName], [a].[IsActive], [a].[LastModifiedAt], [a].[LastModifiedBy], [a].[LockoutEnabled], [a].[LockoutEnd], [a].[NormalizedEmail], [a].[NormalizedUserName], [a].[PasswordHash], [a].[PhoneNumber], [a].[PhoneNumberConfirmed], [a].[Role], [a].[SecurityStamp], [a].[TwoFactorEnabled], [a].[UserName]
FROM [AspNetUsers] AS [a]
2026-04-13 14:00:46.767 +05:30 [INF] Executing OkObjectResult, writing value of type 'HelpDesk.Application.Common.BaseResponse`1[[System.Collections.Generic.List`1[[HelpDesk.Application.DTOs.UserDto, HelpDesk.Application, Version=1.0.0.0, Culture=neutral, PublicKeyToken=null]], System.Private.CoreLib, Version=8.0.0.0, Culture=neutral, PublicKeyToken=7cec85d7bea7798e]]'.
2026-04-13 14:00:46.784 +05:30 [INF] Executed action HelpDesk.API.Controllers.UsersController.GetAll (HelpDesk.API) in 51.0465ms
2026-04-13 14:00:46.795 +05:30 [INF] Executed endpoint 'HelpDesk.API.Controllers.UsersController.GetAll (HelpDesk.API)'
2026-04-13 14:00:46.806 +05:30 [INF] HTTP GET /api/users/getAll responded 200 in 119.3417 ms
2026-04-13 14:00:46.814 +05:30 [INF] Request finished HTTP/2 GET https://localhost:7119/api/users/getAll - 200 null application/json; charset=utf-8 151.0797ms
2026-04-13 14:00:48.519 +05:30 [INF] Request starting HTTP/2 OPTIONS https://localhost:7119/api/categories - null null
2026-04-13 14:00:48.537 +05:30 [INF] CORS policy execution successful.
2026-04-13 14:00:48.561 +05:30 [INF] HTTP OPTIONS /api/categories responded 204 in 24.3578 ms
2026-04-13 14:00:48.584 +05:30 [INF] Request finished HTTP/2 OPTIONS https://localhost:7119/api/categories - 204 null null 65.4331ms
2026-04-13 14:00:48.592 +05:30 [INF] Request starting HTTP/2 GET https://localhost:7119/api/categories - null null
2026-04-13 14:00:48.652 +05:30 [INF] CORS policy execution successful.
2026-04-13 14:00:48.682 +05:30 [INF] Executing endpoint 'HelpDesk.API.Controllers.CategoriesController.GetAll (HelpDesk.API)'
2026-04-13 14:00:48.702 +05:30 [INF] Route matched with {action = "GetAll", controller = "Categories"}. Executing controller action with signature System.Threading.Tasks.Task`1[Microsoft.AspNetCore.Mvc.IActionResult] GetAll() on controller HelpDesk.API.Controllers.CategoriesController (HelpDesk.API).
2026-04-13 14:00:48.738 +05:30 [INF] Executed DbCommand (7ms) [Parameters=[], CommandType='"Text"', CommandTimeout='30']
SELECT [c].[Id], [c].[CreatedAt], [c].[CreatedBy], [c].[IsActive], [c].[LastModifiedAt], [c].[LastModifiedBy], [c].[Name]
FROM [Categories] AS [c]
2026-04-13 14:00:48.866 +05:30 [INF] Executing OkObjectResult, writing value of type 'HelpDesk.Application.Common.BaseResponse`1[[System.Collections.Generic.List`1[[HelpDesk.Application.DTOs.CategoryDto, HelpDesk.Application, Version=1.0.0.0, Culture=neutral, PublicKeyToken=null]], System.Private.CoreLib, Version=8.0.0.0, Culture=neutral, PublicKeyToken=7cec85d7bea7798e]]'.
2026-04-13 14:00:48.995 +05:30 [INF] Executed action HelpDesk.API.Controllers.CategoriesController.GetAll (HelpDesk.API) in 273.3587ms
2026-04-13 14:00:49.008 +05:30 [INF] Executed endpoint 'HelpDesk.API.Controllers.CategoriesController.GetAll (HelpDesk.API)'
2026-04-13 14:00:49.021 +05:30 [INF] HTTP GET /api/categories responded 200 in 368.8262 ms
2026-04-13 14:00:49.028 +05:30 [INF] Request finished HTTP/2 GET https://localhost:7119/api/categories - 200 null application/json; charset=utf-8 437.4761ms
2026-04-13 14:00:57.659 +05:30 [INF] Request starting HTTP/2 OPTIONS https://localhost:7119/api/dashboard - null null
2026-04-13 14:00:57.724 +05:30 [INF] CORS policy execution successful.
2026-04-13 14:00:57.757 +05:30 [INF] HTTP OPTIONS /api/dashboard responded 204 in 32.4767 ms
2026-04-13 14:00:57.774 +05:30 [INF] Request finished HTTP/2 OPTIONS https://localhost:7119/api/dashboard - 204 null null 114.9918ms
2026-04-13 14:00:57.780 +05:30 [INF] Request starting HTTP/2 GET https://localhost:7119/api/dashboard - null null
2026-04-13 14:00:57.817 +05:30 [INF] CORS policy execution successful.
2026-04-13 14:00:57.830 +05:30 [INF] Executing endpoint 'HelpDesk.API.Controllers.DashboardController.GetDashboard (HelpDesk.API)'
2026-04-13 14:00:57.841 +05:30 [INF] Route matched with {action = "GetDashboard", controller = "Dashboard"}. Executing controller action with signature System.Threading.Tasks.Task`1[Microsoft.AspNetCore.Mvc.IActionResult] GetDashboard() on controller HelpDesk.API.Controllers.DashboardController (HelpDesk.API).
2026-04-13 14:00:57.866 +05:30 [INF] Admin requesting dashboard data.
2026-04-13 14:00:57.919 +05:30 [INF] Executed DbCommand (9ms) [Parameters=[], CommandType='"Text"', CommandTimeout='30']
SELECT [t].[Id], [t].[AssignedAgentId], [t].[CategoryId], [t].[CreatedAt], [t].[CreatedBy], [t].[Description], [t].[LastModifiedAt], [t].[LastModifiedBy], [t].[Priority], [t].[RaisedByUserId], [t].[Status], [t].[Title]
FROM [Tickets] AS [t]
2026-04-13 14:00:57.942 +05:30 [INF] Executed DbCommand (3ms) [Parameters=[@__status_0='?' (Size = 4000)], CommandType='"Text"', CommandTimeout='30']
SELECT COUNT(*)
FROM [Tickets] AS [t]
WHERE [t].[Status] = @__status_0
2026-04-13 14:00:57.960 +05:30 [INF] Executed DbCommand (1ms) [Parameters=[@__status_0='?' (Size = 4000)], CommandType='"Text"', CommandTimeout='30']
SELECT COUNT(*)
FROM [Tickets] AS [t]
WHERE [t].[Status] = @__status_0
2026-04-13 14:00:57.979 +05:30 [INF] Executed DbCommand (2ms) [Parameters=[@__status_0='?' (Size = 4000)], CommandType='"Text"', CommandTimeout='30']
SELECT COUNT(*)
FROM [Tickets] AS [t]
WHERE [t].[Status] = @__status_0
2026-04-13 14:00:57.998 +05:30 [INF] Executed DbCommand (1ms) [Parameters=[@__status_0='?' (Size = 4000)], CommandType='"Text"', CommandTimeout='30']
SELECT COUNT(*)
FROM [Tickets] AS [t]
WHERE [t].[Status] = @__status_0
2026-04-13 14:00:58.015 +05:30 [INF] Executed DbCommand (1ms) [Parameters=[@__status_0='?' (Size = 4000)], CommandType='"Text"', CommandTimeout='30']
SELECT COUNT(*)
FROM [Tickets] AS [t]
WHERE [t].[Status] = @__status_0
2026-04-13 14:00:58.035 +05:30 [INF] Executed DbCommand (1ms) [Parameters=[@__status_0='?' (Size = 4000)], CommandType='"Text"', CommandTimeout='30']
SELECT COUNT(*)
FROM [Tickets] AS [t]
WHERE [t].[Status] = @__status_0
2026-04-13 14:00:58.057 +05:30 [INF] Executed DbCommand (5ms) [Parameters=[@__priority_0='?' (Size = 4000)], CommandType='"Text"', CommandTimeout='30']
SELECT COUNT(*)
FROM [Tickets] AS [t]
WHERE [t].[Priority] = @__priority_0
2026-04-13 14:00:58.083 +05:30 [INF] Executed DbCommand (1ms) [Parameters=[@__priority_0='?' (Size = 4000)], CommandType='"Text"', CommandTimeout='30']
SELECT COUNT(*)
FROM [Tickets] AS [t]
WHERE [t].[Priority] = @__priority_0
2026-04-13 14:00:58.108 +05:30 [INF] Executed DbCommand (2ms) [Parameters=[@__priority_0='?' (Size = 4000)], CommandType='"Text"', CommandTimeout='30']
SELECT COUNT(*)
FROM [Tickets] AS [t]
WHERE [t].[Priority] = @__priority_0
2026-04-13 14:00:58.134 +05:30 [INF] Executed DbCommand (1ms) [Parameters=[@__priority_0='?' (Size = 4000)], CommandType='"Text"', CommandTimeout='30']
SELECT COUNT(*)
FROM [Tickets] AS [t]
WHERE [t].[Priority] = @__priority_0
2026-04-13 14:00:58.183 +05:30 [INF] Executed DbCommand (10ms) [Parameters=[@__p_2='?' (DbType = Int32), @__now_Year_0='?' (DbType = Int32), @__now_Month_1='?' (DbType = Int32)], CommandType='"Text"', CommandTimeout='30']
SELECT TOP(@__p_2) [t].[AssignedAgentId] AS [AgentId], COUNT(*) AS [Count]
FROM [Tickets] AS [t]
WHERE [t].[Status] = N'Resolved' AND [t].[AssignedAgentId] IS NOT NULL AND [t].[LastModifiedAt] IS NOT NULL AND DATEPART(year, [t].[LastModifiedAt]) = @__now_Year_0 AND DATEPART(month, [t].[LastModifiedAt]) = @__now_Month_1
GROUP BY [t].[AssignedAgentId]
ORDER BY COUNT(*) DESC
2026-04-13 14:00:58.221 +05:30 [INF] Executed DbCommand (7ms) [Parameters=[@__agentIds_0='?' (Size = 4000)], CommandType='"Text"', CommandTimeout='30']
SELECT [a].[Id], [a].[FullName]
FROM [AspNetUsers] AS [a]
WHERE [a].[Id] IN (
    SELECT [a0].[value]
    FROM OPENJSON(@__agentIds_0) WITH ([value] uniqueidentifier '$') AS [a0]
)
2026-04-13 14:00:58.240 +05:30 [INF] Executed DbCommand (5ms) [Parameters=[@__now_Year_0='?' (DbType = Int32), @__now_Month_1='?' (DbType = Int32)], CommandType='"Text"', CommandTimeout='30']
SELECT COUNT(*)
FROM [Tickets] AS [t]
WHERE DATEPART(year, [t].[CreatedAt]) = @__now_Year_0 AND DATEPART(month, [t].[CreatedAt]) = @__now_Month_1
2026-04-13 14:00:58.267 +05:30 [INF] Executed DbCommand (4ms) [Parameters=[@__last_Year_0='?' (DbType = Int32), @__last_Month_1='?' (DbType = Int32)], CommandType='"Text"', CommandTimeout='30']
SELECT COUNT(*)
FROM [Tickets] AS [t]
WHERE DATEPART(year, [t].[CreatedAt]) = @__last_Year_0 AND DATEPART(month, [t].[CreatedAt]) = @__last_Month_1
2026-04-13 14:00:58.289 +05:30 [INF] Executing OkObjectResult, writing value of type 'HelpDesk.Application.Common.BaseResponse`1[[HelpDesk.Application.DTOs.DashboardDto, HelpDesk.Application, Version=1.0.0.0, Culture=neutral, PublicKeyToken=null]]'.
2026-04-13 14:00:58.522 +05:30 [INF] Executed action HelpDesk.API.Controllers.DashboardController.GetDashboard (HelpDesk.API) in 663.7171ms
2026-04-13 14:00:58.537 +05:30 [INF] Executed endpoint 'HelpDesk.API.Controllers.DashboardController.GetDashboard (HelpDesk.API)'
2026-04-13 14:00:58.549 +05:30 [INF] HTTP GET /api/dashboard responded 200 in 731.8639 ms
2026-04-13 14:00:58.558 +05:30 [INF] Request finished HTTP/2 GET https://localhost:7119/api/dashboard - 200 null application/json; charset=utf-8 778.775ms
2026-04-13 14:01:10.569 +05:30 [INF] Request starting HTTP/2 OPTIONS https://localhost:7119/api/dashboard - null null
2026-04-13 14:01:10.586 +05:30 [INF] CORS policy execution successful.
2026-04-13 14:01:10.602 +05:30 [INF] HTTP OPTIONS /api/dashboard responded 204 in 16.1323 ms
2026-04-13 14:01:10.611 +05:30 [INF] Request finished HTTP/2 OPTIONS https://localhost:7119/api/dashboard - 204 null null 42.4586ms
2026-04-13 14:01:10.614 +05:30 [INF] Request starting HTTP/2 GET https://localhost:7119/api/dashboard - null null
2026-04-13 14:01:10.648 +05:30 [INF] CORS policy execution successful.
2026-04-13 14:01:10.662 +05:30 [INF] Executing endpoint 'HelpDesk.API.Controllers.DashboardController.GetDashboard (HelpDesk.API)'
2026-04-13 14:01:10.672 +05:30 [INF] Route matched with {action = "GetDashboard", controller = "Dashboard"}. Executing controller action with signature System.Threading.Tasks.Task`1[Microsoft.AspNetCore.Mvc.IActionResult] GetDashboard() on controller HelpDesk.API.Controllers.DashboardController (HelpDesk.API).
2026-04-13 14:01:10.687 +05:30 [INF] Admin requesting dashboard data.
2026-04-13 14:01:10.702 +05:30 [INF] Executed DbCommand (4ms) [Parameters=[], CommandType='"Text"', CommandTimeout='30']
SELECT [t].[Id], [t].[AssignedAgentId], [t].[CategoryId], [t].[CreatedAt], [t].[CreatedBy], [t].[Description], [t].[LastModifiedAt], [t].[LastModifiedBy], [t].[Priority], [t].[RaisedByUserId], [t].[Status], [t].[Title]
FROM [Tickets] AS [t]
2026-04-13 14:01:10.724 +05:30 [INF] Executed DbCommand (2ms) [Parameters=[@__status_0='?' (Size = 4000)], CommandType='"Text"', CommandTimeout='30']
SELECT COUNT(*)
FROM [Tickets] AS [t]
WHERE [t].[Status] = @__status_0
2026-04-13 14:01:10.740 +05:30 [INF] Executed DbCommand (1ms) [Parameters=[@__status_0='?' (Size = 4000)], CommandType='"Text"', CommandTimeout='30']
SELECT COUNT(*)
FROM [Tickets] AS [t]
WHERE [t].[Status] = @__status_0
2026-04-13 14:01:10.761 +05:30 [INF] Executed DbCommand (1ms) [Parameters=[@__status_0='?' (Size = 4000)], CommandType='"Text"', CommandTimeout='30']
SELECT COUNT(*)
FROM [Tickets] AS [t]
WHERE [t].[Status] = @__status_0
2026-04-13 14:01:10.781 +05:30 [INF] Executed DbCommand (1ms) [Parameters=[@__status_0='?' (Size = 4000)], CommandType='"Text"', CommandTimeout='30']
SELECT COUNT(*)
FROM [Tickets] AS [t]
WHERE [t].[Status] = @__status_0
2026-04-13 14:01:10.801 +05:30 [INF] Executed DbCommand (2ms) [Parameters=[@__status_0='?' (Size = 4000)], CommandType='"Text"', CommandTimeout='30']
SELECT COUNT(*)
FROM [Tickets] AS [t]
WHERE [t].[Status] = @__status_0
2026-04-13 14:01:10.821 +05:30 [INF] Executed DbCommand (1ms) [Parameters=[@__status_0='?' (Size = 4000)], CommandType='"Text"', CommandTimeout='30']
SELECT COUNT(*)
FROM [Tickets] AS [t]
WHERE [t].[Status] = @__status_0
2026-04-13 14:01:10.842 +05:30 [INF] Executed DbCommand (3ms) [Parameters=[@__priority_0='?' (Size = 4000)], CommandType='"Text"', CommandTimeout='30']
SELECT COUNT(*)
FROM [Tickets] AS [t]
WHERE [t].[Priority] = @__priority_0
2026-04-13 14:01:10.865 +05:30 [INF] Executed DbCommand (1ms) [Parameters=[@__priority_0='?' (Size = 4000)], CommandType='"Text"', CommandTimeout='30']
SELECT COUNT(*)
FROM [Tickets] AS [t]
WHERE [t].[Priority] = @__priority_0
2026-04-13 14:01:10.882 +05:30 [INF] Executed DbCommand (1ms) [Parameters=[@__priority_0='?' (Size = 4000)], CommandType='"Text"', CommandTimeout='30']
SELECT COUNT(*)
FROM [Tickets] AS [t]
WHERE [t].[Priority] = @__priority_0
2026-04-13 14:01:10.902 +05:30 [INF] Executed DbCommand (1ms) [Parameters=[@__priority_0='?' (Size = 4000)], CommandType='"Text"', CommandTimeout='30']
SELECT COUNT(*)
FROM [Tickets] AS [t]
WHERE [t].[Priority] = @__priority_0
2026-04-13 14:01:10.929 +05:30 [INF] Executed DbCommand (8ms) [Parameters=[@__p_2='?' (DbType = Int32), @__now_Year_0='?' (DbType = Int32), @__now_Month_1='?' (DbType = Int32)], CommandType='"Text"', CommandTimeout='30']
SELECT TOP(@__p_2) [t].[AssignedAgentId] AS [AgentId], COUNT(*) AS [Count]
FROM [Tickets] AS [t]
WHERE [t].[Status] = N'Resolved' AND [t].[AssignedAgentId] IS NOT NULL AND [t].[LastModifiedAt] IS NOT NULL AND DATEPART(year, [t].[LastModifiedAt]) = @__now_Year_0 AND DATEPART(month, [t].[LastModifiedAt]) = @__now_Month_1
GROUP BY [t].[AssignedAgentId]
ORDER BY COUNT(*) DESC
2026-04-13 14:01:10.952 +05:30 [INF] Executed DbCommand (7ms) [Parameters=[@__agentIds_0='?' (Size = 4000)], CommandType='"Text"', CommandTimeout='30']
SELECT [a].[Id], [a].[FullName]
FROM [AspNetUsers] AS [a]
WHERE [a].[Id] IN (
    SELECT [a0].[value]
    FROM OPENJSON(@__agentIds_0) WITH ([value] uniqueidentifier '$') AS [a0]
)
2026-04-13 14:01:10.971 +05:30 [INF] Executed DbCommand (3ms) [Parameters=[@__now_Year_0='?' (DbType = Int32), @__now_Month_1='?' (DbType = Int32)], CommandType='"Text"', CommandTimeout='30']
SELECT COUNT(*)
FROM [Tickets] AS [t]
WHERE DATEPART(year, [t].[CreatedAt]) = @__now_Year_0 AND DATEPART(month, [t].[CreatedAt]) = @__now_Month_1
2026-04-13 14:01:10.989 +05:30 [INF] Executed DbCommand (3ms) [Parameters=[@__last_Year_0='?' (DbType = Int32), @__last_Month_1='?' (DbType = Int32)], CommandType='"Text"', CommandTimeout='30']
SELECT COUNT(*)
FROM [Tickets] AS [t]
WHERE DATEPART(year, [t].[CreatedAt]) = @__last_Year_0 AND DATEPART(month, [t].[CreatedAt]) = @__last_Month_1
2026-04-13 14:01:11.005 +05:30 [INF] Executing OkObjectResult, writing value of type 'HelpDesk.Application.Common.BaseResponse`1[[HelpDesk.Application.DTOs.DashboardDto, HelpDesk.Application, Version=1.0.0.0, Culture=neutral, PublicKeyToken=null]]'.
2026-04-13 14:01:11.022 +05:30 [INF] Executed action HelpDesk.API.Controllers.DashboardController.GetDashboard (HelpDesk.API) in 335.5719ms
2026-04-13 14:01:11.035 +05:30 [INF] Executed endpoint 'HelpDesk.API.Controllers.DashboardController.GetDashboard (HelpDesk.API)'
2026-04-13 14:01:11.049 +05:30 [INF] HTTP GET /api/dashboard responded 200 in 400.4821 ms
2026-04-13 14:01:11.057 +05:30 [INF] Request finished HTTP/2 GET https://localhost:7119/api/dashboard - 200 null application/json; charset=utf-8 443.1132ms
2026-04-13 14:01:25.618 +05:30 [INF] Request starting HTTP/2 OPTIONS https://localhost:7119/api/auth/login - null null
2026-04-13 14:01:25.639 +05:30 [INF] CORS policy execution successful.
2026-04-13 14:01:25.651 +05:30 [INF] HTTP OPTIONS /api/auth/login responded 204 in 12.6789 ms
2026-04-13 14:01:25.662 +05:30 [INF] Request finished HTTP/2 OPTIONS https://localhost:7119/api/auth/login - 204 null null 45.1019ms
2026-04-13 14:01:25.666 +05:30 [INF] Request starting HTTP/2 POST https://localhost:7119/api/auth/login - application/json 61
2026-04-13 14:01:25.712 +05:30 [INF] CORS policy execution successful.
2026-04-13 14:01:25.721 +05:30 [INF] Executing endpoint 'HelpDesk.API.Controllers.AuthController.Login (HelpDesk.API)'
2026-04-13 14:01:25.731 +05:30 [INF] Route matched with {action = "Login", controller = "Auth"}. Executing controller action with signature System.Threading.Tasks.Task`1[Microsoft.AspNetCore.Mvc.IActionResult] Login(LoginRequest) on controller HelpDesk.API.Controllers.AuthController (HelpDesk.API).
2026-04-13 14:01:25.754 +05:30 [INF] Login attempt for email: vivek.chauhan@helpdesk.com
2026-04-13 14:01:25.787 +05:30 [INF] Executed DbCommand (11ms) [Parameters=[@__normalizedEmail_0='?' (Size = 256)], CommandType='"Text"', CommandTimeout='30']
SELECT TOP(2) [a].[Id], [a].[AccessFailedCount], [a].[ConcurrencyStamp], [a].[CreatedAt], [a].[CreatedBy], [a].[Email], [a].[EmailConfirmed], [a].[FullName], [a].[IsActive], [a].[LastModifiedAt], [a].[LastModifiedBy], [a].[LockoutEnabled], [a].[LockoutEnd], [a].[NormalizedEmail], [a].[NormalizedUserName], [a].[PasswordHash], [a].[PhoneNumber], [a].[PhoneNumberConfirmed], [a].[Role], [a].[SecurityStamp], [a].[TwoFactorEnabled], [a].[UserName]
FROM [AspNetUsers] AS [a]
WHERE [a].[NormalizedEmail] = @__normalizedEmail_0
2026-04-13 14:01:25.979 +05:30 [INF] Executing OkObjectResult, writing value of type 'HelpDesk.Application.Common.BaseResponse`1[[System.String, System.Private.CoreLib, Version=8.0.0.0, Culture=neutral, PublicKeyToken=7cec85d7bea7798e]]'.
2026-04-13 14:01:26.010 +05:30 [INF] Executed action HelpDesk.API.Controllers.AuthController.Login (HelpDesk.API) in 259.6936ms
2026-04-13 14:01:26.047 +05:30 [INF] Executed endpoint 'HelpDesk.API.Controllers.AuthController.Login (HelpDesk.API)'
2026-04-13 14:01:26.091 +05:30 [INF] HTTP POST /api/auth/login responded 200 in 379.3025 ms
2026-04-13 14:01:26.132 +05:30 [INF] Request finished HTTP/2 POST https://localhost:7119/api/auth/login - 200 null application/json; charset=utf-8 467.4405ms
2026-04-13 14:01:26.149 +05:30 [INF] Request starting HTTP/2 OPTIONS https://localhost:7119/api/dashboard - null null
2026-04-13 14:01:26.170 +05:30 [INF] CORS policy execution successful.
2026-04-13 14:01:26.182 +05:30 [INF] HTTP OPTIONS /api/dashboard responded 204 in 11.7679 ms
2026-04-13 14:01:26.197 +05:30 [INF] Request finished HTTP/2 OPTIONS https://localhost:7119/api/dashboard - 204 null null 48.5121ms
2026-04-13 14:01:26.199 +05:30 [INF] Request starting HTTP/2 GET https://localhost:7119/api/dashboard - null null
2026-04-13 14:01:26.229 +05:30 [INF] CORS policy execution successful.
2026-04-13 14:01:26.253 +05:30 [INF] Executing endpoint 'HelpDesk.API.Controllers.DashboardController.GetDashboard (HelpDesk.API)'
2026-04-13 14:01:26.287 +05:30 [INF] Route matched with {action = "GetDashboard", controller = "Dashboard"}. Executing controller action with signature System.Threading.Tasks.Task`1[Microsoft.AspNetCore.Mvc.IActionResult] GetDashboard() on controller HelpDesk.API.Controllers.DashboardController (HelpDesk.API).
2026-04-13 14:01:26.323 +05:30 [INF] Admin requesting dashboard data.
2026-04-13 14:01:26.358 +05:30 [INF] Executed DbCommand (7ms) [Parameters=[], CommandType='"Text"', CommandTimeout='30']
SELECT [t].[Id], [t].[AssignedAgentId], [t].[CategoryId], [t].[CreatedAt], [t].[CreatedBy], [t].[Description], [t].[LastModifiedAt], [t].[LastModifiedBy], [t].[Priority], [t].[RaisedByUserId], [t].[Status], [t].[Title]
FROM [Tickets] AS [t]
2026-04-13 14:01:26.403 +05:30 [INF] Executed DbCommand (6ms) [Parameters=[@__status_0='?' (Size = 4000)], CommandType='"Text"', CommandTimeout='30']
SELECT COUNT(*)
FROM [Tickets] AS [t]
WHERE [t].[Status] = @__status_0
2026-04-13 14:01:26.438 +05:30 [INF] Executed DbCommand (3ms) [Parameters=[@__status_0='?' (Size = 4000)], CommandType='"Text"', CommandTimeout='30']
SELECT COUNT(*)
FROM [Tickets] AS [t]
WHERE [t].[Status] = @__status_0
2026-04-13 14:01:26.461 +05:30 [INF] Executed DbCommand (4ms) [Parameters=[@__status_0='?' (Size = 4000)], CommandType='"Text"', CommandTimeout='30']
SELECT COUNT(*)
FROM [Tickets] AS [t]
WHERE [t].[Status] = @__status_0
2026-04-13 14:01:26.496 +05:30 [INF] Executed DbCommand (5ms) [Parameters=[@__status_0='?' (Size = 4000)], CommandType='"Text"', CommandTimeout='30']
SELECT COUNT(*)
FROM [Tickets] AS [t]
WHERE [t].[Status] = @__status_0
2026-04-13 14:01:26.520 +05:30 [INF] Executed DbCommand (3ms) [Parameters=[@__status_0='?' (Size = 4000)], CommandType='"Text"', CommandTimeout='30']
SELECT COUNT(*)
FROM [Tickets] AS [t]
WHERE [t].[Status] = @__status_0
2026-04-13 14:01:26.541 +05:30 [INF] Executed DbCommand (4ms) [Parameters=[@__status_0='?' (Size = 4000)], CommandType='"Text"', CommandTimeout='30']
SELECT COUNT(*)
FROM [Tickets] AS [t]
WHERE [t].[Status] = @__status_0
2026-04-13 14:01:26.764 +05:30 [INF] Executed DbCommand (3ms) [Parameters=[@__priority_0='?' (Size = 4000)], CommandType='"Text"', CommandTimeout='30']
SELECT COUNT(*)
FROM [Tickets] AS [t]
WHERE [t].[Priority] = @__priority_0
2026-04-13 14:01:26.781 +05:30 [INF] Executed DbCommand (3ms) [Parameters=[@__priority_0='?' (Size = 4000)], CommandType='"Text"', CommandTimeout='30']
SELECT COUNT(*)
FROM [Tickets] AS [t]
WHERE [t].[Priority] = @__priority_0
2026-04-13 14:01:26.799 +05:30 [INF] Executed DbCommand (3ms) [Parameters=[@__priority_0='?' (Size = 4000)], CommandType='"Text"', CommandTimeout='30']
SELECT COUNT(*)
FROM [Tickets] AS [t]
WHERE [t].[Priority] = @__priority_0
2026-04-13 14:01:26.824 +05:30 [INF] Executed DbCommand (2ms) [Parameters=[@__priority_0='?' (Size = 4000)], CommandType='"Text"', CommandTimeout='30']
SELECT COUNT(*)
FROM [Tickets] AS [t]
WHERE [t].[Priority] = @__priority_0
2026-04-13 14:01:26.867 +05:30 [INF] Executed DbCommand (11ms) [Parameters=[@__p_2='?' (DbType = Int32), @__now_Year_0='?' (DbType = Int32), @__now_Month_1='?' (DbType = Int32)], CommandType='"Text"', CommandTimeout='30']
SELECT TOP(@__p_2) [t].[AssignedAgentId] AS [AgentId], COUNT(*) AS [Count]
FROM [Tickets] AS [t]
WHERE [t].[Status] = N'Resolved' AND [t].[AssignedAgentId] IS NOT NULL AND [t].[LastModifiedAt] IS NOT NULL AND DATEPART(year, [t].[LastModifiedAt]) = @__now_Year_0 AND DATEPART(month, [t].[LastModifiedAt]) = @__now_Month_1
GROUP BY [t].[AssignedAgentId]
ORDER BY COUNT(*) DESC
2026-04-13 14:01:26.914 +05:30 [INF] Executed DbCommand (10ms) [Parameters=[@__agentIds_0='?' (Size = 4000)], CommandType='"Text"', CommandTimeout='30']
SELECT [a].[Id], [a].[FullName]
FROM [AspNetUsers] AS [a]
WHERE [a].[Id] IN (
    SELECT [a0].[value]
    FROM OPENJSON(@__agentIds_0) WITH ([value] uniqueidentifier '$') AS [a0]
)
2026-04-13 14:01:26.943 +05:30 [INF] Executed DbCommand (4ms) [Parameters=[@__now_Year_0='?' (DbType = Int32), @__now_Month_1='?' (DbType = Int32)], CommandType='"Text"', CommandTimeout='30']
SELECT COUNT(*)
FROM [Tickets] AS [t]
WHERE DATEPART(year, [t].[CreatedAt]) = @__now_Year_0 AND DATEPART(month, [t].[CreatedAt]) = @__now_Month_1
2026-04-13 14:01:26.964 +05:30 [INF] Executed DbCommand (4ms) [Parameters=[@__last_Year_0='?' (DbType = Int32), @__last_Month_1='?' (DbType = Int32)], CommandType='"Text"', CommandTimeout='30']
SELECT COUNT(*)
FROM [Tickets] AS [t]
WHERE DATEPART(year, [t].[CreatedAt]) = @__last_Year_0 AND DATEPART(month, [t].[CreatedAt]) = @__last_Month_1
2026-04-13 14:01:26.985 +05:30 [INF] Executing OkObjectResult, writing value of type 'HelpDesk.Application.Common.BaseResponse`1[[HelpDesk.Application.DTOs.DashboardDto, HelpDesk.Application, Version=1.0.0.0, Culture=neutral, PublicKeyToken=null]]'.
2026-04-13 14:01:27.008 +05:30 [INF] Executed action HelpDesk.API.Controllers.DashboardController.GetDashboard (HelpDesk.API) in 686.0102ms
2026-04-13 14:01:27.027 +05:30 [INF] Executed endpoint 'HelpDesk.API.Controllers.DashboardController.GetDashboard (HelpDesk.API)'
2026-04-13 14:01:27.041 +05:30 [INF] HTTP GET /api/dashboard responded 200 in 811.9294 ms
2026-04-13 14:01:27.054 +05:30 [INF] Request finished HTTP/2 GET https://localhost:7119/api/dashboard - 200 null application/json; charset=utf-8 854.7704ms
2026-04-13 14:01:41.214 +05:30 [INF] Request starting HTTP/2 OPTIONS https://localhost:7119/api/dashboard - null null
2026-04-13 14:01:41.229 +05:30 [INF] CORS policy execution successful.
2026-04-13 14:01:41.240 +05:30 [INF] HTTP OPTIONS /api/dashboard responded 204 in 11.6675 ms
2026-04-13 14:01:41.250 +05:30 [INF] Request finished HTTP/2 OPTIONS https://localhost:7119/api/dashboard - 204 null null 36.1953ms
2026-04-13 14:01:41.252 +05:30 [INF] Request starting HTTP/2 GET https://localhost:7119/api/dashboard - null null
2026-04-13 14:01:41.279 +05:30 [INF] CORS policy execution successful.
2026-04-13 14:01:41.291 +05:30 [INF] Executing endpoint 'HelpDesk.API.Controllers.DashboardController.GetDashboard (HelpDesk.API)'
2026-04-13 14:01:41.302 +05:30 [INF] Route matched with {action = "GetDashboard", controller = "Dashboard"}. Executing controller action with signature System.Threading.Tasks.Task`1[Microsoft.AspNetCore.Mvc.IActionResult] GetDashboard() on controller HelpDesk.API.Controllers.DashboardController (HelpDesk.API).
2026-04-13 14:01:41.319 +05:30 [INF] Admin requesting dashboard data.
2026-04-13 14:01:41.333 +05:30 [INF] Executed DbCommand (3ms) [Parameters=[], CommandType='"Text"', CommandTimeout='30']
SELECT [t].[Id], [t].[AssignedAgentId], [t].[CategoryId], [t].[CreatedAt], [t].[CreatedBy], [t].[Description], [t].[LastModifiedAt], [t].[LastModifiedBy], [t].[Priority], [t].[RaisedByUserId], [t].[Status], [t].[Title]
FROM [Tickets] AS [t]
2026-04-13 14:01:41.352 +05:30 [INF] Executed DbCommand (2ms) [Parameters=[@__status_0='?' (Size = 4000)], CommandType='"Text"', CommandTimeout='30']
SELECT COUNT(*)
FROM [Tickets] AS [t]
WHERE [t].[Status] = @__status_0
2026-04-13 14:01:41.369 +05:30 [INF] Executed DbCommand (1ms) [Parameters=[@__status_0='?' (Size = 4000)], CommandType='"Text"', CommandTimeout='30']
SELECT COUNT(*)
FROM [Tickets] AS [t]
WHERE [t].[Status] = @__status_0
2026-04-13 14:01:41.385 +05:30 [INF] Executed DbCommand (1ms) [Parameters=[@__status_0='?' (Size = 4000)], CommandType='"Text"', CommandTimeout='30']
SELECT COUNT(*)
FROM [Tickets] AS [t]
WHERE [t].[Status] = @__status_0
2026-04-13 14:01:41.403 +05:30 [INF] Executed DbCommand (1ms) [Parameters=[@__status_0='?' (Size = 4000)], CommandType='"Text"', CommandTimeout='30']
SELECT COUNT(*)
FROM [Tickets] AS [t]
WHERE [t].[Status] = @__status_0
2026-04-13 14:01:41.421 +05:30 [INF] Executed DbCommand (1ms) [Parameters=[@__status_0='?' (Size = 4000)], CommandType='"Text"', CommandTimeout='30']
SELECT COUNT(*)
FROM [Tickets] AS [t]
WHERE [t].[Status] = @__status_0
2026-04-13 14:01:41.438 +05:30 [INF] Executed DbCommand (1ms) [Parameters=[@__status_0='?' (Size = 4000)], CommandType='"Text"', CommandTimeout='30']
SELECT COUNT(*)
FROM [Tickets] AS [t]
WHERE [t].[Status] = @__status_0
2026-04-13 14:01:41.458 +05:30 [INF] Executed DbCommand (2ms) [Parameters=[@__priority_0='?' (Size = 4000)], CommandType='"Text"', CommandTimeout='30']
SELECT COUNT(*)
FROM [Tickets] AS [t]
WHERE [t].[Priority] = @__priority_0
2026-04-13 14:01:41.474 +05:30 [INF] Executed DbCommand (1ms) [Parameters=[@__priority_0='?' (Size = 4000)], CommandType='"Text"', CommandTimeout='30']
SELECT COUNT(*)
FROM [Tickets] AS [t]
WHERE [t].[Priority] = @__priority_0
2026-04-13 14:01:41.493 +05:30 [INF] Executed DbCommand (1ms) [Parameters=[@__priority_0='?' (Size = 4000)], CommandType='"Text"', CommandTimeout='30']
SELECT COUNT(*)
FROM [Tickets] AS [t]
WHERE [t].[Priority] = @__priority_0
2026-04-13 14:01:41.509 +05:30 [INF] Executed DbCommand (1ms) [Parameters=[@__priority_0='?' (Size = 4000)], CommandType='"Text"', CommandTimeout='30']
SELECT COUNT(*)
FROM [Tickets] AS [t]
WHERE [t].[Priority] = @__priority_0
2026-04-13 14:01:41.532 +05:30 [INF] Executed DbCommand (6ms) [Parameters=[@__p_2='?' (DbType = Int32), @__now_Year_0='?' (DbType = Int32), @__now_Month_1='?' (DbType = Int32)], CommandType='"Text"', CommandTimeout='30']
SELECT TOP(@__p_2) [t].[AssignedAgentId] AS [AgentId], COUNT(*) AS [Count]
FROM [Tickets] AS [t]
WHERE [t].[Status] = N'Resolved' AND [t].[AssignedAgentId] IS NOT NULL AND [t].[LastModifiedAt] IS NOT NULL AND DATEPART(year, [t].[LastModifiedAt]) = @__now_Year_0 AND DATEPART(month, [t].[LastModifiedAt]) = @__now_Month_1
GROUP BY [t].[AssignedAgentId]
ORDER BY COUNT(*) DESC
2026-04-13 14:01:41.553 +05:30 [INF] Executed DbCommand (4ms) [Parameters=[@__agentIds_0='?' (Size = 4000)], CommandType='"Text"', CommandTimeout='30']
SELECT [a].[Id], [a].[FullName]
FROM [AspNetUsers] AS [a]
WHERE [a].[Id] IN (
    SELECT [a0].[value]
    FROM OPENJSON(@__agentIds_0) WITH ([value] uniqueidentifier '$') AS [a0]
)
2026-04-13 14:01:41.574 +05:30 [INF] Executed DbCommand (2ms) [Parameters=[@__now_Year_0='?' (DbType = Int32), @__now_Month_1='?' (DbType = Int32)], CommandType='"Text"', CommandTimeout='30']
SELECT COUNT(*)
FROM [Tickets] AS [t]
WHERE DATEPART(year, [t].[CreatedAt]) = @__now_Year_0 AND DATEPART(month, [t].[CreatedAt]) = @__now_Month_1
2026-04-13 14:01:41.594 +05:30 [INF] Executed DbCommand (2ms) [Parameters=[@__last_Year_0='?' (DbType = Int32), @__last_Month_1='?' (DbType = Int32)], CommandType='"Text"', CommandTimeout='30']
SELECT COUNT(*)
FROM [Tickets] AS [t]
WHERE DATEPART(year, [t].[CreatedAt]) = @__last_Year_0 AND DATEPART(month, [t].[CreatedAt]) = @__last_Month_1
2026-04-13 14:01:41.611 +05:30 [INF] Executing OkObjectResult, writing value of type 'HelpDesk.Application.Common.BaseResponse`1[[HelpDesk.Application.DTOs.DashboardDto, HelpDesk.Application, Version=1.0.0.0, Culture=neutral, PublicKeyToken=null]]'.
2026-04-13 14:01:41.628 +05:30 [INF] Executed action HelpDesk.API.Controllers.DashboardController.GetDashboard (HelpDesk.API) in 310.418ms
2026-04-13 14:01:41.640 +05:30 [INF] Executed endpoint 'HelpDesk.API.Controllers.DashboardController.GetDashboard (HelpDesk.API)'
2026-04-13 14:01:41.652 +05:30 [INF] HTTP GET /api/dashboard responded 200 in 373.1497 ms
2026-04-13 14:01:41.661 +05:30 [INF] Request finished HTTP/2 GET https://localhost:7119/api/dashboard - 200 null application/json; charset=utf-8 408.8308ms
2026-04-13 14:53:21.078 +05:30 [INF] Request starting HTTP/2 OPTIONS https://localhost:7119/api/dashboard - null null
2026-04-13 14:53:21.101 +05:30 [INF] CORS policy execution successful.
2026-04-13 14:53:21.113 +05:30 [INF] HTTP OPTIONS /api/dashboard responded 204 in 11.9963 ms
2026-04-13 14:53:21.122 +05:30 [INF] Request finished HTTP/2 OPTIONS https://localhost:7119/api/dashboard - 204 null null 44.7274ms
2026-04-13 14:53:21.125 +05:30 [INF] Request starting HTTP/2 GET https://localhost:7119/api/dashboard - null null
2026-04-13 14:53:21.156 +05:30 [INF] CORS policy execution successful.
2026-04-13 14:53:21.168 +05:30 [INF] Executing endpoint 'HelpDesk.API.Controllers.DashboardController.GetDashboard (HelpDesk.API)'
2026-04-13 14:53:21.181 +05:30 [INF] Route matched with {action = "GetDashboard", controller = "Dashboard"}. Executing controller action with signature System.Threading.Tasks.Task`1[Microsoft.AspNetCore.Mvc.IActionResult] GetDashboard() on controller HelpDesk.API.Controllers.DashboardController (HelpDesk.API).
2026-04-13 14:53:21.199 +05:30 [INF] Admin requesting dashboard data.
2026-04-13 14:53:21.333 +05:30 [INF] Executed DbCommand (17ms) [Parameters=[], CommandType='"Text"', CommandTimeout='30']
SELECT [t].[Id], [t].[AssignedAgentId], [t].[CategoryId], [t].[CreatedAt], [t].[CreatedBy], [t].[Description], [t].[LastModifiedAt], [t].[LastModifiedBy], [t].[Priority], [t].[RaisedByUserId], [t].[Status], [t].[Title]
FROM [Tickets] AS [t]
2026-04-13 14:53:21.365 +05:30 [INF] Executed DbCommand (4ms) [Parameters=[@__status_0='?' (Size = 4000)], CommandType='"Text"', CommandTimeout='30']
SELECT COUNT(*)
FROM [Tickets] AS [t]
WHERE [t].[Status] = @__status_0
2026-04-13 14:53:21.393 +05:30 [INF] Executed DbCommand (1ms) [Parameters=[@__status_0='?' (Size = 4000)], CommandType='"Text"', CommandTimeout='30']
SELECT COUNT(*)
FROM [Tickets] AS [t]
WHERE [t].[Status] = @__status_0
2026-04-13 14:53:21.431 +05:30 [INF] Executed DbCommand (2ms) [Parameters=[@__status_0='?' (Size = 4000)], CommandType='"Text"', CommandTimeout='30']
SELECT COUNT(*)
FROM [Tickets] AS [t]
WHERE [t].[Status] = @__status_0
2026-04-13 14:53:21.461 +05:30 [INF] Executed DbCommand (1ms) [Parameters=[@__status_0='?' (Size = 4000)], CommandType='"Text"', CommandTimeout='30']
SELECT COUNT(*)
FROM [Tickets] AS [t]
WHERE [t].[Status] = @__status_0
2026-04-13 14:53:21.477 +05:30 [INF] Executed DbCommand (1ms) [Parameters=[@__status_0='?' (Size = 4000)], CommandType='"Text"', CommandTimeout='30']
SELECT COUNT(*)
FROM [Tickets] AS [t]
WHERE [t].[Status] = @__status_0
2026-04-13 14:53:21.492 +05:30 [INF] Executed DbCommand (1ms) [Parameters=[@__status_0='?' (Size = 4000)], CommandType='"Text"', CommandTimeout='30']
SELECT COUNT(*)
FROM [Tickets] AS [t]
WHERE [t].[Status] = @__status_0
2026-04-13 14:53:21.512 +05:30 [INF] Executed DbCommand (2ms) [Parameters=[@__priority_0='?' (Size = 4000)], CommandType='"Text"', CommandTimeout='30']
SELECT COUNT(*)
FROM [Tickets] AS [t]
WHERE [t].[Priority] = @__priority_0
2026-04-13 14:53:21.528 +05:30 [INF] Executed DbCommand (1ms) [Parameters=[@__priority_0='?' (Size = 4000)], CommandType='"Text"', CommandTimeout='30']
SELECT COUNT(*)
FROM [Tickets] AS [t]
WHERE [t].[Priority] = @__priority_0
2026-04-13 14:53:21.545 +05:30 [INF] Executed DbCommand (1ms) [Parameters=[@__priority_0='?' (Size = 4000)], CommandType='"Text"', CommandTimeout='30']
SELECT COUNT(*)
FROM [Tickets] AS [t]
WHERE [t].[Priority] = @__priority_0
2026-04-13 14:53:21.566 +05:30 [INF] Executed DbCommand (1ms) [Parameters=[@__priority_0='?' (Size = 4000)], CommandType='"Text"', CommandTimeout='30']
SELECT COUNT(*)
FROM [Tickets] AS [t]
WHERE [t].[Priority] = @__priority_0
2026-04-13 14:53:21.597 +05:30 [INF] Executed DbCommand (8ms) [Parameters=[@__p_2='?' (DbType = Int32), @__now_Year_0='?' (DbType = Int32), @__now_Month_1='?' (DbType = Int32)], CommandType='"Text"', CommandTimeout='30']
SELECT TOP(@__p_2) [t].[AssignedAgentId] AS [AgentId], COUNT(*) AS [Count]
FROM [Tickets] AS [t]
WHERE [t].[Status] = N'Resolved' AND [t].[AssignedAgentId] IS NOT NULL AND [t].[LastModifiedAt] IS NOT NULL AND DATEPART(year, [t].[LastModifiedAt]) = @__now_Year_0 AND DATEPART(month, [t].[LastModifiedAt]) = @__now_Month_1
GROUP BY [t].[AssignedAgentId]
ORDER BY COUNT(*) DESC
2026-04-13 14:53:21.634 +05:30 [INF] Executed DbCommand (11ms) [Parameters=[@__agentIds_0='?' (Size = 4000)], CommandType='"Text"', CommandTimeout='30']
SELECT [a].[Id], [a].[FullName]
FROM [AspNetUsers] AS [a]
WHERE [a].[Id] IN (
    SELECT [a0].[value]
    FROM OPENJSON(@__agentIds_0) WITH ([value] uniqueidentifier '$') AS [a0]
)
2026-04-13 14:53:21.657 +05:30 [INF] Executed DbCommand (3ms) [Parameters=[@__now_Year_0='?' (DbType = Int32), @__now_Month_1='?' (DbType = Int32)], CommandType='"Text"', CommandTimeout='30']
SELECT COUNT(*)
FROM [Tickets] AS [t]
WHERE DATEPART(year, [t].[CreatedAt]) = @__now_Year_0 AND DATEPART(month, [t].[CreatedAt]) = @__now_Month_1
2026-04-13 14:53:21.675 +05:30 [INF] Executed DbCommand (4ms) [Parameters=[@__last_Year_0='?' (DbType = Int32), @__last_Month_1='?' (DbType = Int32)], CommandType='"Text"', CommandTimeout='30']
SELECT COUNT(*)
FROM [Tickets] AS [t]
WHERE DATEPART(year, [t].[CreatedAt]) = @__last_Year_0 AND DATEPART(month, [t].[CreatedAt]) = @__last_Month_1
2026-04-13 14:53:21.693 +05:30 [INF] Executing OkObjectResult, writing value of type 'HelpDesk.Application.Common.BaseResponse`1[[HelpDesk.Application.DTOs.DashboardDto, HelpDesk.Application, Version=1.0.0.0, Culture=neutral, PublicKeyToken=null]]'.
2026-04-13 14:53:21.709 +05:30 [INF] Executed action HelpDesk.API.Controllers.DashboardController.GetDashboard (HelpDesk.API) in 510.3686ms
2026-04-13 14:53:21.720 +05:30 [INF] Executed endpoint 'HelpDesk.API.Controllers.DashboardController.GetDashboard (HelpDesk.API)'
2026-04-13 14:53:21.735 +05:30 [INF] HTTP GET /api/dashboard responded 200 in 578.6608 ms
2026-04-13 14:53:21.741 +05:30 [INF] Request finished HTTP/2 GET https://localhost:7119/api/dashboard - 200 null application/json; charset=utf-8 617.2461ms
2026-04-13 14:57:10.847 +05:30 [INF] Request starting HTTP/2 OPTIONS https://localhost:7119/api/dashboard - null null
2026-04-13 14:57:10.871 +05:30 [INF] CORS policy execution successful.
2026-04-13 14:57:10.886 +05:30 [INF] HTTP OPTIONS /api/dashboard responded 204 in 15.5402 ms
2026-04-13 14:57:10.897 +05:30 [INF] Request finished HTTP/2 OPTIONS https://localhost:7119/api/dashboard - 204 null null 50.4007ms
2026-04-13 14:57:10.900 +05:30 [INF] Request starting HTTP/2 GET https://localhost:7119/api/dashboard - null null
2026-04-13 14:57:10.930 +05:30 [INF] CORS policy execution successful.
2026-04-13 14:57:10.944 +05:30 [INF] Executing endpoint 'HelpDesk.API.Controllers.DashboardController.GetDashboard (HelpDesk.API)'
2026-04-13 14:57:10.958 +05:30 [INF] Route matched with {action = "GetDashboard", controller = "Dashboard"}. Executing controller action with signature System.Threading.Tasks.Task`1[Microsoft.AspNetCore.Mvc.IActionResult] GetDashboard() on controller HelpDesk.API.Controllers.DashboardController (HelpDesk.API).
2026-04-13 14:57:10.975 +05:30 [INF] Admin requesting dashboard data.
2026-04-13 14:57:10.995 +05:30 [INF] Executed DbCommand (9ms) [Parameters=[], CommandType='"Text"', CommandTimeout='30']
SELECT [t].[Id], [t].[AssignedAgentId], [t].[CategoryId], [t].[CreatedAt], [t].[CreatedBy], [t].[Description], [t].[LastModifiedAt], [t].[LastModifiedBy], [t].[Priority], [t].[RaisedByUserId], [t].[Status], [t].[Title]
FROM [Tickets] AS [t]
2026-04-13 14:57:11.017 +05:30 [INF] Executed DbCommand (2ms) [Parameters=[@__status_0='?' (Size = 4000)], CommandType='"Text"', CommandTimeout='30']
SELECT COUNT(*)
FROM [Tickets] AS [t]
WHERE [t].[Status] = @__status_0
2026-04-13 14:57:11.036 +05:30 [INF] Executed DbCommand (1ms) [Parameters=[@__status_0='?' (Size = 4000)], CommandType='"Text"', CommandTimeout='30']
SELECT COUNT(*)
FROM [Tickets] AS [t]
WHERE [t].[Status] = @__status_0
2026-04-13 14:57:11.055 +05:30 [INF] Executed DbCommand (1ms) [Parameters=[@__status_0='?' (Size = 4000)], CommandType='"Text"', CommandTimeout='30']
SELECT COUNT(*)
FROM [Tickets] AS [t]
WHERE [t].[Status] = @__status_0
2026-04-13 14:57:11.074 +05:30 [INF] Executed DbCommand (1ms) [Parameters=[@__status_0='?' (Size = 4000)], CommandType='"Text"', CommandTimeout='30']
SELECT COUNT(*)
FROM [Tickets] AS [t]
WHERE [t].[Status] = @__status_0
2026-04-13 14:57:11.093 +05:30 [INF] Executed DbCommand (1ms) [Parameters=[@__status_0='?' (Size = 4000)], CommandType='"Text"', CommandTimeout='30']
SELECT COUNT(*)
FROM [Tickets] AS [t]
WHERE [t].[Status] = @__status_0
2026-04-13 14:57:11.111 +05:30 [INF] Executed DbCommand (1ms) [Parameters=[@__status_0='?' (Size = 4000)], CommandType='"Text"', CommandTimeout='30']
SELECT COUNT(*)
FROM [Tickets] AS [t]
WHERE [t].[Status] = @__status_0
2026-04-13 14:57:11.136 +05:30 [INF] Executed DbCommand (3ms) [Parameters=[@__priority_0='?' (Size = 4000)], CommandType='"Text"', CommandTimeout='30']
SELECT COUNT(*)
FROM [Tickets] AS [t]
WHERE [t].[Priority] = @__priority_0
2026-04-13 14:57:11.153 +05:30 [INF] Executed DbCommand (1ms) [Parameters=[@__priority_0='?' (Size = 4000)], CommandType='"Text"', CommandTimeout='30']
SELECT COUNT(*)
FROM [Tickets] AS [t]
WHERE [t].[Priority] = @__priority_0
2026-04-13 14:57:11.170 +05:30 [INF] Executed DbCommand (1ms) [Parameters=[@__priority_0='?' (Size = 4000)], CommandType='"Text"', CommandTimeout='30']
SELECT COUNT(*)
FROM [Tickets] AS [t]
WHERE [t].[Priority] = @__priority_0
2026-04-13 14:57:11.190 +05:30 [INF] Executed DbCommand (1ms) [Parameters=[@__priority_0='?' (Size = 4000)], CommandType='"Text"', CommandTimeout='30']
SELECT COUNT(*)
FROM [Tickets] AS [t]
WHERE [t].[Priority] = @__priority_0
2026-04-13 14:57:11.217 +05:30 [INF] Executed DbCommand (7ms) [Parameters=[@__p_2='?' (DbType = Int32), @__now_Year_0='?' (DbType = Int32), @__now_Month_1='?' (DbType = Int32)], CommandType='"Text"', CommandTimeout='30']
SELECT TOP(@__p_2) [t].[AssignedAgentId] AS [AgentId], COUNT(*) AS [Count]
FROM [Tickets] AS [t]
WHERE [t].[Status] = N'Resolved' AND [t].[AssignedAgentId] IS NOT NULL AND [t].[LastModifiedAt] IS NOT NULL AND DATEPART(year, [t].[LastModifiedAt]) = @__now_Year_0 AND DATEPART(month, [t].[LastModifiedAt]) = @__now_Month_1
GROUP BY [t].[AssignedAgentId]
ORDER BY COUNT(*) DESC
2026-04-13 14:57:11.251 +05:30 [INF] Executed DbCommand (8ms) [Parameters=[@__agentIds_0='?' (Size = 4000)], CommandType='"Text"', CommandTimeout='30']
SELECT [a].[Id], [a].[FullName]
FROM [AspNetUsers] AS [a]
WHERE [a].[Id] IN (
    SELECT [a0].[value]
    FROM OPENJSON(@__agentIds_0) WITH ([value] uniqueidentifier '$') AS [a0]
)
2026-04-13 14:57:11.276 +05:30 [INF] Executed DbCommand (3ms) [Parameters=[@__now_Year_0='?' (DbType = Int32), @__now_Month_1='?' (DbType = Int32)], CommandType='"Text"', CommandTimeout='30']
SELECT COUNT(*)
FROM [Tickets] AS [t]
WHERE DATEPART(year, [t].[CreatedAt]) = @__now_Year_0 AND DATEPART(month, [t].[CreatedAt]) = @__now_Month_1
2026-04-13 14:57:11.301 +05:30 [INF] Executed DbCommand (2ms) [Parameters=[@__last_Year_0='?' (DbType = Int32), @__last_Month_1='?' (DbType = Int32)], CommandType='"Text"', CommandTimeout='30']
SELECT COUNT(*)
FROM [Tickets] AS [t]
WHERE DATEPART(year, [t].[CreatedAt]) = @__last_Year_0 AND DATEPART(month, [t].[CreatedAt]) = @__last_Month_1
2026-04-13 14:57:11.326 +05:30 [INF] Executing OkObjectResult, writing value of type 'HelpDesk.Application.Common.BaseResponse`1[[HelpDesk.Application.DTOs.DashboardDto, HelpDesk.Application, Version=1.0.0.0, Culture=neutral, PublicKeyToken=null]]'.
2026-04-13 14:57:11.352 +05:30 [INF] Executed action HelpDesk.API.Controllers.DashboardController.GetDashboard (HelpDesk.API) in 378.3061ms
2026-04-13 14:57:11.376 +05:30 [INF] Executed endpoint 'HelpDesk.API.Controllers.DashboardController.GetDashboard (HelpDesk.API)'
2026-04-13 14:57:11.392 +05:30 [INF] HTTP GET /api/dashboard responded 200 in 461.8998 ms
2026-04-13 14:57:11.401 +05:30 [INF] Request finished HTTP/2 GET https://localhost:7119/api/dashboard - 200 null application/json; charset=utf-8 502.068ms
2026-04-13 15:03:30.064 +05:30 [INF] Request starting HTTP/2 OPTIONS https://localhost:7119/api/dashboard - null null
2026-04-13 15:03:30.127 +05:30 [INF] CORS policy execution successful.
2026-04-13 15:03:30.142 +05:30 [INF] HTTP OPTIONS /api/dashboard responded 204 in 14.7477 ms
2026-04-13 15:03:30.159 +05:30 [INF] Request finished HTTP/2 OPTIONS https://localhost:7119/api/dashboard - 204 null null 94.8184ms
2026-04-13 15:03:30.163 +05:30 [INF] Request starting HTTP/2 GET https://localhost:7119/api/dashboard - null null
2026-04-13 15:03:30.193 +05:30 [INF] CORS policy execution successful.
2026-04-13 15:03:30.205 +05:30 [INF] Executing endpoint 'HelpDesk.API.Controllers.DashboardController.GetDashboard (HelpDesk.API)'
2026-04-13 15:03:30.216 +05:30 [INF] Route matched with {action = "GetDashboard", controller = "Dashboard"}. Executing controller action with signature System.Threading.Tasks.Task`1[Microsoft.AspNetCore.Mvc.IActionResult] GetDashboard() on controller HelpDesk.API.Controllers.DashboardController (HelpDesk.API).
2026-04-13 15:03:30.233 +05:30 [INF] Admin requesting dashboard data.
2026-04-13 15:03:30.249 +05:30 [INF] Executed DbCommand (4ms) [Parameters=[], CommandType='"Text"', CommandTimeout='30']
SELECT [t].[Id], [t].[AssignedAgentId], [t].[CategoryId], [t].[CreatedAt], [t].[CreatedBy], [t].[Description], [t].[LastModifiedAt], [t].[LastModifiedBy], [t].[Priority], [t].[RaisedByUserId], [t].[Status], [t].[Title]
FROM [Tickets] AS [t]
2026-04-13 15:03:30.267 +05:30 [INF] Executed DbCommand (1ms) [Parameters=[@__status_0='?' (Size = 4000)], CommandType='"Text"', CommandTimeout='30']
SELECT COUNT(*)
FROM [Tickets] AS [t]
WHERE [t].[Status] = @__status_0
2026-04-13 15:03:30.284 +05:30 [INF] Executed DbCommand (1ms) [Parameters=[@__status_0='?' (Size = 4000)], CommandType='"Text"', CommandTimeout='30']
SELECT COUNT(*)
FROM [Tickets] AS [t]
WHERE [t].[Status] = @__status_0
2026-04-13 15:03:30.306 +05:30 [INF] Executed DbCommand (2ms) [Parameters=[@__status_0='?' (Size = 4000)], CommandType='"Text"', CommandTimeout='30']
SELECT COUNT(*)
FROM [Tickets] AS [t]
WHERE [t].[Status] = @__status_0
2026-04-13 15:03:30.325 +05:30 [INF] Executed DbCommand (1ms) [Parameters=[@__status_0='?' (Size = 4000)], CommandType='"Text"', CommandTimeout='30']
SELECT COUNT(*)
FROM [Tickets] AS [t]
WHERE [t].[Status] = @__status_0
2026-04-13 15:03:30.344 +05:30 [INF] Executed DbCommand (1ms) [Parameters=[@__status_0='?' (Size = 4000)], CommandType='"Text"', CommandTimeout='30']
SELECT COUNT(*)
FROM [Tickets] AS [t]
WHERE [t].[Status] = @__status_0
2026-04-13 15:03:30.365 +05:30 [INF] Executed DbCommand (1ms) [Parameters=[@__status_0='?' (Size = 4000)], CommandType='"Text"', CommandTimeout='30']
SELECT COUNT(*)
FROM [Tickets] AS [t]
WHERE [t].[Status] = @__status_0
2026-04-13 15:03:30.384 +05:30 [INF] Executed DbCommand (1ms) [Parameters=[@__priority_0='?' (Size = 4000)], CommandType='"Text"', CommandTimeout='30']
SELECT COUNT(*)
FROM [Tickets] AS [t]
WHERE [t].[Priority] = @__priority_0
2026-04-13 15:03:30.399 +05:30 [INF] Executed DbCommand (1ms) [Parameters=[@__priority_0='?' (Size = 4000)], CommandType='"Text"', CommandTimeout='30']
SELECT COUNT(*)
FROM [Tickets] AS [t]
WHERE [t].[Priority] = @__priority_0
2026-04-13 15:03:30.416 +05:30 [INF] Executed DbCommand (1ms) [Parameters=[@__priority_0='?' (Size = 4000)], CommandType='"Text"', CommandTimeout='30']
SELECT COUNT(*)
FROM [Tickets] AS [t]
WHERE [t].[Priority] = @__priority_0
2026-04-13 15:03:30.437 +05:30 [INF] Executed DbCommand (2ms) [Parameters=[@__priority_0='?' (Size = 4000)], CommandType='"Text"', CommandTimeout='30']
SELECT COUNT(*)
FROM [Tickets] AS [t]
WHERE [t].[Priority] = @__priority_0
2026-04-13 15:03:30.457 +05:30 [INF] Executed DbCommand (4ms) [Parameters=[@__p_2='?' (DbType = Int32), @__now_Year_0='?' (DbType = Int32), @__now_Month_1='?' (DbType = Int32)], CommandType='"Text"', CommandTimeout='30']
SELECT TOP(@__p_2) [t].[AssignedAgentId] AS [AgentId], COUNT(*) AS [Count]
FROM [Tickets] AS [t]
WHERE [t].[Status] = N'Resolved' AND [t].[AssignedAgentId] IS NOT NULL AND [t].[LastModifiedAt] IS NOT NULL AND DATEPART(year, [t].[LastModifiedAt]) = @__now_Year_0 AND DATEPART(month, [t].[LastModifiedAt]) = @__now_Month_1
GROUP BY [t].[AssignedAgentId]
ORDER BY COUNT(*) DESC
2026-04-13 15:03:30.477 +05:30 [INF] Executed DbCommand (6ms) [Parameters=[@__agentIds_0='?' (Size = 4000)], CommandType='"Text"', CommandTimeout='30']
SELECT [a].[Id], [a].[FullName]
FROM [AspNetUsers] AS [a]
WHERE [a].[Id] IN (
    SELECT [a0].[value]
    FROM OPENJSON(@__agentIds_0) WITH ([value] uniqueidentifier '$') AS [a0]
)
2026-04-13 15:03:30.498 +05:30 [INF] Executed DbCommand (3ms) [Parameters=[@__now_Year_0='?' (DbType = Int32), @__now_Month_1='?' (DbType = Int32)], CommandType='"Text"', CommandTimeout='30']
SELECT COUNT(*)
FROM [Tickets] AS [t]
WHERE DATEPART(year, [t].[CreatedAt]) = @__now_Year_0 AND DATEPART(month, [t].[CreatedAt]) = @__now_Month_1
2026-04-13 15:03:30.520 +05:30 [INF] Executed DbCommand (3ms) [Parameters=[@__last_Year_0='?' (DbType = Int32), @__last_Month_1='?' (DbType = Int32)], CommandType='"Text"', CommandTimeout='30']
SELECT COUNT(*)
FROM [Tickets] AS [t]
WHERE DATEPART(year, [t].[CreatedAt]) = @__last_Year_0 AND DATEPART(month, [t].[CreatedAt]) = @__last_Month_1
2026-04-13 15:03:30.534 +05:30 [INF] Executing OkObjectResult, writing value of type 'HelpDesk.Application.Common.BaseResponse`1[[HelpDesk.Application.DTOs.DashboardDto, HelpDesk.Application, Version=1.0.0.0, Culture=neutral, PublicKeyToken=null]]'.
2026-04-13 15:03:30.550 +05:30 [INF] Executed action HelpDesk.API.Controllers.DashboardController.GetDashboard (HelpDesk.API) in 318.0311ms
2026-04-13 15:03:30.566 +05:30 [INF] Executed endpoint 'HelpDesk.API.Controllers.DashboardController.GetDashboard (HelpDesk.API)'
2026-04-13 15:03:30.583 +05:30 [INF] HTTP GET /api/dashboard responded 200 in 389.7567 ms
2026-04-13 15:03:30.594 +05:30 [INF] Request finished HTTP/2 GET https://localhost:7119/api/dashboard - 200 null application/json; charset=utf-8 431.012ms
2026-04-13 15:04:21.110 +05:30 [INF] Request starting HTTP/2 OPTIONS https://localhost:7119/api/tickets/GetAllTicket?page=1&pageSize=10 - null null
2026-04-13 15:04:21.134 +05:30 [INF] CORS policy execution successful.
2026-04-13 15:04:21.148 +05:30 [INF] HTTP OPTIONS /api/tickets/GetAllTicket responded 204 in 14.2865 ms
2026-04-13 15:04:21.158 +05:30 [INF] Request finished HTTP/2 OPTIONS https://localhost:7119/api/tickets/GetAllTicket?page=1&pageSize=10 - 204 null null 48.4887ms
2026-04-13 15:04:21.161 +05:30 [INF] Request starting HTTP/2 POST https://localhost:7119/api/tickets/GetAllTicket?page=1&pageSize=10 - application/json 2
2026-04-13 15:04:21.195 +05:30 [INF] CORS policy execution successful.
2026-04-13 15:04:21.207 +05:30 [INF] Executing endpoint 'HelpDesk.API.Controllers.TicketsController.GetAll (HelpDesk.API)'
2026-04-13 15:04:21.219 +05:30 [INF] Route matched with {action = "GetAll", controller = "Tickets"}. Executing controller action with signature System.Threading.Tasks.Task`1[Microsoft.AspNetCore.Mvc.IActionResult] GetAll(HelpDesk.Application.DTOs.PaginationDto) on controller HelpDesk.API.Controllers.TicketsController (HelpDesk.API).
2026-04-13 15:04:21.243 +05:30 [INF] Executed DbCommand (4ms) [Parameters=[], CommandType='"Text"', CommandTimeout='30']
SELECT COUNT(*)
FROM [Tickets] AS [t]
2026-04-13 15:04:21.275 +05:30 [INF] Executed DbCommand (15ms) [Parameters=[@__p_0='?' (DbType = Int32), @__p_1='?' (DbType = Int32)], CommandType='"Text"', CommandTimeout='30']
SELECT [t0].[Id], [t0].[AssignedAgentId], [t0].[CategoryId], [t0].[CreatedAt], [t0].[CreatedBy], [t0].[Description], [t0].[LastModifiedAt], [t0].[LastModifiedBy], [t0].[Priority], [t0].[RaisedByUserId], [t0].[Status], [t0].[Title], [c].[Id], [c].[CreatedAt], [c].[CreatedBy], [c].[IsActive], [c].[LastModifiedAt], [c].[LastModifiedBy], [c].[Name], [a].[Id], [a].[AccessFailedCount], [a].[ConcurrencyStamp], [a].[CreatedAt], [a].[CreatedBy], [a].[Email], [a].[EmailConfirmed], [a].[FullName], [a].[IsActive], [a].[LastModifiedAt], [a].[LastModifiedBy], [a].[LockoutEnabled], [a].[LockoutEnd], [a].[NormalizedEmail], [a].[NormalizedUserName], [a].[PasswordHash], [a].[PhoneNumber], [a].[PhoneNumberConfirmed], [a].[Role], [a].[SecurityStamp], [a].[TwoFactorEnabled], [a].[UserName], [a0].[Id], [a0].[AccessFailedCount], [a0].[ConcurrencyStamp], [a0].[CreatedAt], [a0].[CreatedBy], [a0].[Email], [a0].[EmailConfirmed], [a0].[FullName], [a0].[IsActive], [a0].[LastModifiedAt], [a0].[LastModifiedBy], [a0].[LockoutEnabled], [a0].[LockoutEnd], [a0].[NormalizedEmail], [a0].[NormalizedUserName], [a0].[PasswordHash], [a0].[PhoneNumber], [a0].[PhoneNumberConfirmed], [a0].[Role], [a0].[SecurityStamp], [a0].[TwoFactorEnabled], [a0].[UserName]
FROM (
    SELECT [t].[Id], [t].[AssignedAgentId], [t].[CategoryId], [t].[CreatedAt], [t].[CreatedBy], [t].[Description], [t].[LastModifiedAt], [t].[LastModifiedBy], [t].[Priority], [t].[RaisedByUserId], [t].[Status], [t].[Title]
    FROM [Tickets] AS [t]
    ORDER BY [t].[CreatedAt] DESC
    OFFSET @__p_0 ROWS FETCH NEXT @__p_1 ROWS ONLY
) AS [t0]
INNER JOIN [Categories] AS [c] ON [t0].[CategoryId] = [c].[Id]
INNER JOIN [AspNetUsers] AS [a] ON [t0].[RaisedByUserId] = [a].[Id]
LEFT JOIN [AspNetUsers] AS [a0] ON [t0].[AssignedAgentId] = [a0].[Id]
ORDER BY [t0].[CreatedAt] DESC
2026-04-13 15:04:21.295 +05:30 [INF] Executing OkObjectResult, writing value of type 'HelpDesk.Application.Common.BaseResponse`1[[HelpDesk.Application.Common.PagedResult`1[[HelpDesk.Application.DTOs.TicketDto, HelpDesk.Application, Version=1.0.0.0, Culture=neutral, PublicKeyToken=null]], HelpDesk.Application, Version=1.0.0.0, Culture=neutral, PublicKeyToken=null]]'.
2026-04-13 15:04:21.313 +05:30 [INF] Executed action HelpDesk.API.Controllers.TicketsController.GetAll (HelpDesk.API) in 76.052ms
2026-04-13 15:04:21.326 +05:30 [INF] Executed endpoint 'HelpDesk.API.Controllers.TicketsController.GetAll (HelpDesk.API)'
2026-04-13 15:04:21.338 +05:30 [INF] HTTP POST /api/tickets/GetAllTicket responded 200 in 143.5276 ms
2026-04-13 15:04:21.348 +05:30 [INF] Request finished HTTP/2 POST https://localhost:7119/api/tickets/GetAllTicket?page=1&pageSize=10 - 200 null application/json; charset=utf-8 187.0149ms
2026-04-13 15:04:34.316 +05:30 [INF] Request starting HTTP/2 OPTIONS https://localhost:7119/api/tickets/GetAllTicket?page=1&pageSize=25 - null null
2026-04-13 15:04:34.338 +05:30 [INF] CORS policy execution successful.
2026-04-13 15:04:34.357 +05:30 [INF] HTTP OPTIONS /api/tickets/GetAllTicket responded 204 in 19.2337 ms
2026-04-13 15:04:34.373 +05:30 [INF] Request finished HTTP/2 OPTIONS https://localhost:7119/api/tickets/GetAllTicket?page=1&pageSize=25 - 204 null null 56.9229ms
2026-04-13 15:04:34.375 +05:30 [INF] Request starting HTTP/2 POST https://localhost:7119/api/tickets/GetAllTicket?page=1&pageSize=25 - application/json 2
2026-04-13 15:04:34.413 +05:30 [INF] CORS policy execution successful.
2026-04-13 15:04:34.424 +05:30 [INF] Executing endpoint 'HelpDesk.API.Controllers.TicketsController.GetAll (HelpDesk.API)'
2026-04-13 15:04:34.434 +05:30 [INF] Route matched with {action = "GetAll", controller = "Tickets"}. Executing controller action with signature System.Threading.Tasks.Task`1[Microsoft.AspNetCore.Mvc.IActionResult] GetAll(HelpDesk.Application.DTOs.PaginationDto) on controller HelpDesk.API.Controllers.TicketsController (HelpDesk.API).
2026-04-13 15:04:34.450 +05:30 [INF] Executed DbCommand (1ms) [Parameters=[], CommandType='"Text"', CommandTimeout='30']
SELECT COUNT(*)
FROM [Tickets] AS [t]
2026-04-13 15:04:34.467 +05:30 [INF] Executed DbCommand (2ms) [Parameters=[@__p_0='?' (DbType = Int32), @__p_1='?' (DbType = Int32)], CommandType='"Text"', CommandTimeout='30']
SELECT [t0].[Id], [t0].[AssignedAgentId], [t0].[CategoryId], [t0].[CreatedAt], [t0].[CreatedBy], [t0].[Description], [t0].[LastModifiedAt], [t0].[LastModifiedBy], [t0].[Priority], [t0].[RaisedByUserId], [t0].[Status], [t0].[Title], [c].[Id], [c].[CreatedAt], [c].[CreatedBy], [c].[IsActive], [c].[LastModifiedAt], [c].[LastModifiedBy], [c].[Name], [a].[Id], [a].[AccessFailedCount], [a].[ConcurrencyStamp], [a].[CreatedAt], [a].[CreatedBy], [a].[Email], [a].[EmailConfirmed], [a].[FullName], [a].[IsActive], [a].[LastModifiedAt], [a].[LastModifiedBy], [a].[LockoutEnabled], [a].[LockoutEnd], [a].[NormalizedEmail], [a].[NormalizedUserName], [a].[PasswordHash], [a].[PhoneNumber], [a].[PhoneNumberConfirmed], [a].[Role], [a].[SecurityStamp], [a].[TwoFactorEnabled], [a].[UserName], [a0].[Id], [a0].[AccessFailedCount], [a0].[ConcurrencyStamp], [a0].[CreatedAt], [a0].[CreatedBy], [a0].[Email], [a0].[EmailConfirmed], [a0].[FullName], [a0].[IsActive], [a0].[LastModifiedAt], [a0].[LastModifiedBy], [a0].[LockoutEnabled], [a0].[LockoutEnd], [a0].[NormalizedEmail], [a0].[NormalizedUserName], [a0].[PasswordHash], [a0].[PhoneNumber], [a0].[PhoneNumberConfirmed], [a0].[Role], [a0].[SecurityStamp], [a0].[TwoFactorEnabled], [a0].[UserName]
FROM (
    SELECT [t].[Id], [t].[AssignedAgentId], [t].[CategoryId], [t].[CreatedAt], [t].[CreatedBy], [t].[Description], [t].[LastModifiedAt], [t].[LastModifiedBy], [t].[Priority], [t].[RaisedByUserId], [t].[Status], [t].[Title]
    FROM [Tickets] AS [t]
    ORDER BY [t].[CreatedAt] DESC
    OFFSET @__p_0 ROWS FETCH NEXT @__p_1 ROWS ONLY
) AS [t0]
INNER JOIN [Categories] AS [c] ON [t0].[CategoryId] = [c].[Id]
INNER JOIN [AspNetUsers] AS [a] ON [t0].[RaisedByUserId] = [a].[Id]
LEFT JOIN [AspNetUsers] AS [a0] ON [t0].[AssignedAgentId] = [a0].[Id]
ORDER BY [t0].[CreatedAt] DESC
2026-04-13 15:04:34.484 +05:30 [INF] Executing OkObjectResult, writing value of type 'HelpDesk.Application.Common.BaseResponse`1[[HelpDesk.Application.Common.PagedResult`1[[HelpDesk.Application.DTOs.TicketDto, HelpDesk.Application, Version=1.0.0.0, Culture=neutral, PublicKeyToken=null]], HelpDesk.Application, Version=1.0.0.0, Culture=neutral, PublicKeyToken=null]]'.
2026-04-13 15:04:34.497 +05:30 [INF] Executed action HelpDesk.API.Controllers.TicketsController.GetAll (HelpDesk.API) in 49.8641ms
2026-04-13 15:04:34.510 +05:30 [INF] Executed endpoint 'HelpDesk.API.Controllers.TicketsController.GetAll (HelpDesk.API)'
2026-04-13 15:04:34.524 +05:30 [INF] HTTP POST /api/tickets/GetAllTicket responded 200 in 110.4742 ms
2026-04-13 15:04:34.534 +05:30 [INF] Request finished HTTP/2 POST https://localhost:7119/api/tickets/GetAllTicket?page=1&pageSize=25 - 200 null application/json; charset=utf-8 158.7401ms
2026-04-13 15:04:39.449 +05:30 [INF] Request starting HTTP/2 OPTIONS https://localhost:7119/api/tickets/GetAllTicket?page=1&pageSize=10 - null null
2026-04-13 15:04:39.489 +05:30 [INF] CORS policy execution successful.
2026-04-13 15:04:39.505 +05:30 [INF] HTTP OPTIONS /api/tickets/GetAllTicket responded 204 in 16.4175 ms
2026-04-13 15:04:39.516 +05:30 [INF] Request finished HTTP/2 OPTIONS https://localhost:7119/api/tickets/GetAllTicket?page=1&pageSize=10 - 204 null null 67.3765ms
2026-04-13 15:04:39.519 +05:30 [INF] Request starting HTTP/2 POST https://localhost:7119/api/tickets/GetAllTicket?page=1&pageSize=10 - application/json 2
2026-04-13 15:04:39.564 +05:30 [INF] CORS policy execution successful.
2026-04-13 15:04:39.584 +05:30 [INF] Executing endpoint 'HelpDesk.API.Controllers.TicketsController.GetAll (HelpDesk.API)'
2026-04-13 15:04:39.632 +05:30 [INF] Route matched with {action = "GetAll", controller = "Tickets"}. Executing controller action with signature System.Threading.Tasks.Task`1[Microsoft.AspNetCore.Mvc.IActionResult] GetAll(HelpDesk.Application.DTOs.PaginationDto) on controller HelpDesk.API.Controllers.TicketsController (HelpDesk.API).
2026-04-13 15:04:39.673 +05:30 [INF] Executed DbCommand (7ms) [Parameters=[], CommandType='"Text"', CommandTimeout='30']
SELECT COUNT(*)
FROM [Tickets] AS [t]
2026-04-13 15:04:39.731 +05:30 [INF] Executed DbCommand (15ms) [Parameters=[@__p_0='?' (DbType = Int32), @__p_1='?' (DbType = Int32)], CommandType='"Text"', CommandTimeout='30']
SELECT [t0].[Id], [t0].[AssignedAgentId], [t0].[CategoryId], [t0].[CreatedAt], [t0].[CreatedBy], [t0].[Description], [t0].[LastModifiedAt], [t0].[LastModifiedBy], [t0].[Priority], [t0].[RaisedByUserId], [t0].[Status], [t0].[Title], [c].[Id], [c].[CreatedAt], [c].[CreatedBy], [c].[IsActive], [c].[LastModifiedAt], [c].[LastModifiedBy], [c].[Name], [a].[Id], [a].[AccessFailedCount], [a].[ConcurrencyStamp], [a].[CreatedAt], [a].[CreatedBy], [a].[Email], [a].[EmailConfirmed], [a].[FullName], [a].[IsActive], [a].[LastModifiedAt], [a].[LastModifiedBy], [a].[LockoutEnabled], [a].[LockoutEnd], [a].[NormalizedEmail], [a].[NormalizedUserName], [a].[PasswordHash], [a].[PhoneNumber], [a].[PhoneNumberConfirmed], [a].[Role], [a].[SecurityStamp], [a].[TwoFactorEnabled], [a].[UserName], [a0].[Id], [a0].[AccessFailedCount], [a0].[ConcurrencyStamp], [a0].[CreatedAt], [a0].[CreatedBy], [a0].[Email], [a0].[EmailConfirmed], [a0].[FullName], [a0].[IsActive], [a0].[LastModifiedAt], [a0].[LastModifiedBy], [a0].[LockoutEnabled], [a0].[LockoutEnd], [a0].[NormalizedEmail], [a0].[NormalizedUserName], [a0].[PasswordHash], [a0].[PhoneNumber], [a0].[PhoneNumberConfirmed], [a0].[Role], [a0].[SecurityStamp], [a0].[TwoFactorEnabled], [a0].[UserName]
FROM (
    SELECT [t].[Id], [t].[AssignedAgentId], [t].[CategoryId], [t].[CreatedAt], [t].[CreatedBy], [t].[Description], [t].[LastModifiedAt], [t].[LastModifiedBy], [t].[Priority], [t].[RaisedByUserId], [t].[Status], [t].[Title]
    FROM [Tickets] AS [t]
    ORDER BY [t].[CreatedAt] DESC
    OFFSET @__p_0 ROWS FETCH NEXT @__p_1 ROWS ONLY
) AS [t0]
INNER JOIN [Categories] AS [c] ON [t0].[CategoryId] = [c].[Id]
INNER JOIN [AspNetUsers] AS [a] ON [t0].[RaisedByUserId] = [a].[Id]
LEFT JOIN [AspNetUsers] AS [a0] ON [t0].[AssignedAgentId] = [a0].[Id]
ORDER BY [t0].[CreatedAt] DESC
2026-04-13 15:04:39.768 +05:30 [INF] Executing OkObjectResult, writing value of type 'HelpDesk.Application.Common.BaseResponse`1[[HelpDesk.Application.Common.PagedResult`1[[HelpDesk.Application.DTOs.TicketDto, HelpDesk.Application, Version=1.0.0.0, Culture=neutral, PublicKeyToken=null]], HelpDesk.Application, Version=1.0.0.0, Culture=neutral, PublicKeyToken=null]]'.
2026-04-13 15:04:39.801 +05:30 [INF] Executed action HelpDesk.API.Controllers.TicketsController.GetAll (HelpDesk.API) in 136.6619ms
2026-04-13 15:04:39.828 +05:30 [INF] Executed endpoint 'HelpDesk.API.Controllers.TicketsController.GetAll (HelpDesk.API)'
2026-04-13 15:04:39.853 +05:30 [INF] HTTP POST /api/tickets/GetAllTicket responded 200 in 288.3348 ms
2026-04-13 15:04:39.871 +05:30 [INF] Request finished HTTP/2 POST https://localhost:7119/api/tickets/GetAllTicket?page=1&pageSize=10 - 200 null application/json; charset=utf-8 353.0888ms
